
[21-04-09 12:55:28] - https://urbanprices.gov.in/ - uddi/uddilistener - Cannot connect to: urbanprices.gov.in:443
[21-04-09 12:55:34] - https://urbanprices.gov.in/ - typings/ - Cannot connect to: urbanprices.gov.in:443
[21-04-09 12:55:34] - https://urbanprices.gov.in/ - transmission/web/ - Cannot connect to: urbanprices.gov.in:443
[21-04-09 12:55:34] - https://urbanprices.gov.in/ - typo3conf/temp_fieldInfo.php - Cannot connect to: urbanprices.gov.in:443
[21-04-09 12:55:34] - https://urbanprices.gov.in/ - uber/phpMyAdmin/ - Cannot connect to: urbanprices.gov.in:443
[21-04-09 12:55:37] - https://urbanprices.gov.in/ - transfer - Cannot connect to: urbanprices.gov.in:443
[21-04-09 12:55:37] - https://urbanprices.gov.in/ - ucp.jsp - Cannot connect to: urbanprices.gov.in:443
[21-04-09 12:55:37] - https://urbanprices.gov.in/ - ucp.js - Cannot connect to: urbanprices.gov.in:443
[21-04-09 12:55:37] - https://urbanprices.gov.in/ - ucp.html - Cannot connect to: urbanprices.gov.in:443
[21-04-09 12:55:37] - https://urbanprices.gov.in/ - ucwa/ - Cannot connect to: urbanprices.gov.in:443
[21-04-09 12:55:38] - https://urbanprices.gov.in/ - uddi - Cannot connect to: urbanprices.gov.in:443
[21-04-09 12:55:38] - https://urbanprices.gov.in/ - uk - Cannot connect to: urbanprices.gov.in:443
[21-04-09 12:55:38] - https://urbanprices.gov.in/ - ucp.aspx - Cannot connect to: urbanprices.gov.in:443
[21-04-09 12:55:38] - https://urbanprices.gov.in/ - trivia/ - Cannot connect to: urbanprices.gov.in:443
[21-04-09 12:55:38] - https://urbanprices.gov.in/ - uddiexplorer - Cannot connect to: urbanprices.gov.in:443
[21-04-09 12:55:38] - https://urbanprices.gov.in/ - uddigui/ - Cannot connect to: urbanprices.gov.in:443
[21-04-09 12:55:38] - https://urbanprices.gov.in/ - training - Cannot connect to: urbanprices.gov.in:443
[21-04-09 12:55:38] - https://urbanprices.gov.in/ - tripwire/ - Cannot connect to: urbanprices.gov.in:443
[21-04-09 12:55:38] - https://urbanprices.gov.in/ - trackback - Cannot connect to: urbanprices.gov.in:443
[21-04-09 12:55:38] - https://urbanprices.gov.in/ - tradetheme - Cannot connect to: urbanprices.gov.in:443
[21-04-09 12:55:38] - https://urbanprices.gov.in/ - travel - Cannot connect to: urbanprices.gov.in:443
[21-04-09 12:55:38] - https://urbanprices.gov.in/ - tsweb - Cannot connect to: urbanprices.gov.in:443
[21-04-09 12:55:38] - https://urbanprices.gov.in/ - tsweb/ - Cannot connect to: urbanprices.gov.in:443
[21-04-09 12:55:38] - https://urbanprices.gov.in/ - trans - Cannot connect to: urbanprices.gov.in:443
[21-04-09 12:55:38] - https://urbanprices.gov.in/ - tst - Cannot connect to: urbanprices.gov.in:443
[21-04-09 12:55:38] - https://urbanprices.gov.in/ - tsconfig.json - Cannot connect to: urbanprices.gov.in:443
[21-04-09 12:55:38] - https://urbanprices.gov.in/ - ui/ - Cannot connect to: urbanprices.gov.in:443
[21-04-09 12:55:38] - https://urbanprices.gov.in/ - ui - Cannot connect to: urbanprices.gov.in:443
[21-04-09 12:55:38] - https://urbanprices.gov.in/ - uddilistener - Cannot connect to: urbanprices.gov.in:443
[21-04-09 12:55:38] - https://urbanprices.gov.in/ - ujadmin - Cannot connect to: urbanprices.gov.in:443
[21-04-09 12:55:38] - https://urbanprices.gov.in/ - uddisoap/ - Cannot connect to: urbanprices.gov.in:443