
[21-03-12 10:14:30] - http://tsa.telangana.gov.in/ - .configuration/ - Cannot connect to: tsa.telangana.gov.in:80
[21-03-12 10:14:31] - http://tsa.telangana.gov.in/ - .cpanm/ - Cannot connect to: tsa.telangana.gov.in:80
[21-03-12 10:14:31] - http://tsa.telangana.gov.in/ - .cpan - Cannot connect to: tsa.telangana.gov.in:80
[21-03-12 10:14:31] - http://tsa.telangana.gov.in/ - .cproject - Cannot connect to: tsa.telangana.gov.in:80
[21-03-12 10:14:34] - http://tsa.telangana.gov.in/ - .cr/ - Cannot connect to: tsa.telangana.gov.in:80
[21-03-12 10:14:35] - http://tsa.telangana.gov.in/ - .credential - Cannot connect to: tsa.telangana.gov.in:80
[21-03-12 10:14:38] - http://tsa.telangana.gov.in/ - .credentials - Cannot connect to: tsa.telangana.gov.in:80
[21-03-12 10:14:38] - http://tsa.telangana.gov.in/ - .credo.exs - Cannot connect to: tsa.telangana.gov.in:80
[21-03-12 10:14:38] - http://tsa.telangana.gov.in/ - .crt - Cannot connect to: tsa.telangana.gov.in:80
[21-03-12 10:14:38] - http://tsa.telangana.gov.in/ - .csdp.cache - Cannot connect to: tsa.telangana.gov.in:80
[21-03-12 10:14:39] - http://tsa.telangana.gov.in/ - .cshrc - Cannot connect to: tsa.telangana.gov.in:80
[21-03-12 10:14:39] - http://tsa.telangana.gov.in/ - .csi - Cannot connect to: tsa.telangana.gov.in:80
[21-03-12 10:14:39] - http://tsa.telangana.gov.in/ - .css - Cannot connect to: tsa.telangana.gov.in:80
[21-03-12 10:14:39] - http://tsa.telangana.gov.in/ - .csscomb.json - Cannot connect to: tsa.telangana.gov.in:80
[21-03-12 10:14:39] - http://tsa.telangana.gov.in/ - .csslintrc - Cannot connect to: tsa.telangana.gov.in:80
[21-03-12 10:14:39] - http://tsa.telangana.gov.in/ - .csv - Cannot connect to: tsa.telangana.gov.in:80
[21-03-12 10:14:39] - http://tsa.telangana.gov.in/ - .ctags - Cannot connect to: tsa.telangana.gov.in:80
[21-03-12 10:14:39] - http://tsa.telangana.gov.in/ - .curlrc - Cannot connect to: tsa.telangana.gov.in:80
[21-03-12 10:14:39] - http://tsa.telangana.gov.in/ - .cvs - Cannot connect to: tsa.telangana.gov.in:80
[21-03-12 10:14:39] - http://tsa.telangana.gov.in/ - .cvsignore - Cannot connect to: tsa.telangana.gov.in:80
[21-03-12 10:14:40] - http://tsa.telangana.gov.in/ - .dart_tool/ - Cannot connect to: tsa.telangana.gov.in:80
[21-03-12 10:14:40] - http://tsa.telangana.gov.in/ - .data/ - Cannot connect to: tsa.telangana.gov.in:80
[21-03-12 10:14:40] - http://tsa.telangana.gov.in/ - .dat - Cannot connect to: tsa.telangana.gov.in:80
[21-03-12 10:14:40] - http://tsa.telangana.gov.in/ - .db - Cannot connect to: tsa.telangana.gov.in:80
[21-03-12 10:14:40] - http://tsa.telangana.gov.in/ - .db.yaml - Cannot connect to: tsa.telangana.gov.in:80
[21-03-12 10:14:40] - http://tsa.telangana.gov.in/ - .db.xml - Cannot connect to: tsa.telangana.gov.in:80
[21-03-12 10:14:40] - http://tsa.telangana.gov.in/ - .dbshell - Cannot connect to: tsa.telangana.gov.in:80
[21-03-12 10:14:40] - http://tsa.telangana.gov.in/ - .db3 - Cannot connect to: tsa.telangana.gov.in:80
[21-03-12 10:14:40] - http://tsa.telangana.gov.in/ - .depend - Cannot connect to: tsa.telangana.gov.in:80
[21-03-12 10:14:41] - http://tsa.telangana.gov.in/ - .dep.inc - Cannot connect to: tsa.telangana.gov.in:80
[21-03-12 10:14:41] - http://tsa.telangana.gov.in/ - .dbus/ - Cannot connect to: tsa.telangana.gov.in:80
[21-03-12 10:14:41] - http://tsa.telangana.gov.in/ - .dependabot - Cannot connect to: tsa.telangana.gov.in:80
[21-03-12 10:14:41] - http://tsa.telangana.gov.in/ - .deploy/values.yaml - Cannot connect to: tsa.telangana.gov.in:80
[21-03-12 10:14:41] - http://tsa.telangana.gov.in/ - .deployignore - Cannot connect to: tsa.telangana.gov.in:80
[21-03-12 10:14:44] - http://tsa.telangana.gov.in/ - .deployment - Cannot connect to: tsa.telangana.gov.in:80
[21-03-12 10:14:45] - http://tsa.telangana.gov.in/ - .deployment-config.json - Cannot connect to: tsa.telangana.gov.in:80
[21-03-12 10:14:48] - http://tsa.telangana.gov.in/ - .dev/ - Cannot connect to: tsa.telangana.gov.in:80
[21-03-12 10:14:48] - http://tsa.telangana.gov.in/ - .dir-locals.el - Cannot connect to: tsa.telangana.gov.in:80
[21-03-12 10:14:48] - http://tsa.telangana.gov.in/ - .directory - Cannot connect to: tsa.telangana.gov.in:80
[21-03-12 10:14:48] - http://tsa.telangana.gov.in/ - .divzero.log - Cannot connect to: tsa.telangana.gov.in:80
[21-03-12 10:14:49] - http://tsa.telangana.gov.in/ - .do - Cannot connect to: tsa.telangana.gov.in:80
[21-03-12 10:14:49] - http://tsa.telangana.gov.in/ - .doc - Cannot connect to: tsa.telangana.gov.in:80
[21-03-12 10:14:49] - http://tsa.telangana.gov.in/ - .docker - Cannot connect to: tsa.telangana.gov.in:80
[21-03-12 10:14:49] - http://tsa.telangana.gov.in/ - .docker/ - Cannot connect to: tsa.telangana.gov.in:80
[21-03-12 10:14:49] - http://tsa.telangana.gov.in/ - .docker/.env - Cannot connect to: tsa.telangana.gov.in:80
[21-03-12 10:14:49] - http://tsa.telangana.gov.in/ - .docker/config.json - Cannot connect to: tsa.telangana.gov.in:80
[21-03-12 10:14:49] - http://tsa.telangana.gov.in/ - .docker/daemon.json - Cannot connect to: tsa.telangana.gov.in:80
[21-03-12 10:14:49] - http://tsa.telangana.gov.in/ - .docker/laravel/app/.env - Cannot connect to: tsa.telangana.gov.in:80
[21-03-12 10:14:49] - http://tsa.telangana.gov.in/ - .dockercfg - Cannot connect to: tsa.telangana.gov.in:80
[21-03-12 10:14:49] - http://tsa.telangana.gov.in/ - .dockerignore - Cannot connect to: tsa.telangana.gov.in:80
[21-03-12 10:14:50] - http://tsa.telangana.gov.in/ - .docs/ - Cannot connect to: tsa.telangana.gov.in:80
[21-03-12 10:14:50] - http://tsa.telangana.gov.in/ - .dotfiles.boto - Cannot connect to: tsa.telangana.gov.in:80
[21-03-12 10:14:50] - http://tsa.telangana.gov.in/ - .document - Cannot connect to: tsa.telangana.gov.in:80
[21-03-12 10:14:50] - http://tsa.telangana.gov.in/ - .drone.jsonnet - Cannot connect to: tsa.telangana.gov.in:80
[21-03-12 10:14:50] - http://tsa.telangana.gov.in/ - .drone.yaml - Cannot connect to: tsa.telangana.gov.in:80
[21-03-12 10:14:50] - http://tsa.telangana.gov.in/ - .drone.sec - Cannot connect to: tsa.telangana.gov.in:80
[21-03-12 10:14:50] - http://tsa.telangana.gov.in/ - .drone.yml - Cannot connect to: tsa.telangana.gov.in:80
[21-03-12 10:14:50] - http://tsa.telangana.gov.in/ - .dropbox - Cannot connect to: tsa.telangana.gov.in:80
[21-03-12 10:14:50] - http://tsa.telangana.gov.in/ - .dropbox.attr - Cannot connect to: tsa.telangana.gov.in:80
[21-03-12 10:14:51] - http://tsa.telangana.gov.in/ - .dropbox.cache - Cannot connect to: tsa.telangana.gov.in:80
[21-03-12 10:14:51] - http://tsa.telangana.gov.in/ - .dropbox/ - Cannot connect to: tsa.telangana.gov.in:80
[21-03-12 10:14:51] - http://tsa.telangana.gov.in/ - .ds_store - Cannot connect to: tsa.telangana.gov.in:80
[21-03-12 10:14:51] - http://tsa.telangana.gov.in/ - .dsk - Cannot connect to: tsa.telangana.gov.in:80
[21-03-12 10:14:51] - http://tsa.telangana.gov.in/ - .dub - Cannot connect to: tsa.telangana.gov.in:80
[21-03-12 10:14:54] - http://tsa.telangana.gov.in/ - .dummy - Cannot connect to: tsa.telangana.gov.in:80
[21-03-12 10:14:55] - http://tsa.telangana.gov.in/ - .dump - Cannot connect to: tsa.telangana.gov.in:80
[21-03-12 10:14:58] - http://tsa.telangana.gov.in/ - .dynamodb/ - Cannot connect to: tsa.telangana.gov.in:80
[21-03-12 10:14:58] - http://tsa.telangana.gov.in/ - .eclipse - Cannot connect to: tsa.telangana.gov.in:80
[21-03-12 10:14:58] - http://tsa.telangana.gov.in/ - .editorconfig - Cannot connect to: tsa.telangana.gov.in:80
[21-03-12 10:14:58] - http://tsa.telangana.gov.in/ - .eggs/ - Cannot connect to: tsa.telangana.gov.in:80
[21-03-12 10:14:59] - http://tsa.telangana.gov.in/ - .elasticbeanstalk/ - Cannot connect to: tsa.telangana.gov.in:80
[21-03-12 10:14:59] - http://tsa.telangana.gov.in/ - .elb - Cannot connect to: tsa.telangana.gov.in:80
[21-03-12 10:14:59] - http://tsa.telangana.gov.in/ - .elc - Cannot connect to: tsa.telangana.gov.in:80
[21-03-12 10:14:59] - http://tsa.telangana.gov.in/ - .elixir_ls/ - Cannot connect to: tsa.telangana.gov.in:80
[21-03-12 10:14:59] - http://tsa.telangana.gov.in/ - .emacs - Cannot connect to: tsa.telangana.gov.in:80
[21-03-12 10:14:59] - http://tsa.telangana.gov.in/ - .emacs.desktop - Cannot connect to: tsa.telangana.gov.in:80
[21-03-12 10:14:59] - http://tsa.telangana.gov.in/ - .emacs.desktop.lock - Cannot connect to: tsa.telangana.gov.in:80
[21-03-12 10:14:59] - http://tsa.telangana.gov.in/ - .emails/ - Cannot connect to: tsa.telangana.gov.in:80
[21-03-12 10:14:59] - http://tsa.telangana.gov.in/ - .ember-cli - Cannot connect to: tsa.telangana.gov.in:80
[21-03-12 10:14:59] - http://tsa.telangana.gov.in/ - .empty-folder - Cannot connect to: tsa.telangana.gov.in:80
[21-03-12 10:15:00] - http://tsa.telangana.gov.in/ - .ensime - Cannot connect to: tsa.telangana.gov.in:80
[21-03-12 10:15:00] - http://tsa.telangana.gov.in/ - .ensime_lucene/ - Cannot connect to: tsa.telangana.gov.in:80
[21-03-12 10:15:00] - http://tsa.telangana.gov.in/ - .ensime_cache/ - Cannot connect to: tsa.telangana.gov.in:80
[21-03-12 10:15:00] - http://tsa.telangana.gov.in/ - .env - Cannot connect to: tsa.telangana.gov.in:80
[21-03-12 10:15:00] - http://tsa.telangana.gov.in/ - .env-sample - Cannot connect to: tsa.telangana.gov.in:80
[21-03-12 10:15:00] - http://tsa.telangana.gov.in/ - .env-example - Cannot connect to: tsa.telangana.gov.in:80
[21-03-12 10:15:00] - http://tsa.telangana.gov.in/ - .env.dev - Cannot connect to: tsa.telangana.gov.in:80
[21-03-12 10:15:00] - http://tsa.telangana.gov.in/ - .env.backup - Cannot connect to: tsa.telangana.gov.in:80
[21-03-12 10:15:00] - http://tsa.telangana.gov.in/ - .env.dev.local - Cannot connect to: tsa.telangana.gov.in:80
[21-03-12 10:15:01] - http://tsa.telangana.gov.in/ - .env.development.sample - Cannot connect to: tsa.telangana.gov.in:80
[21-03-12 10:15:01] - http://tsa.telangana.gov.in/ - .env.development.local - Cannot connect to: tsa.telangana.gov.in:80
[21-03-12 10:15:01] - http://tsa.telangana.gov.in/ - .env.dist - Cannot connect to: tsa.telangana.gov.in:80
[21-03-12 10:15:01] - http://tsa.telangana.gov.in/ - .env.docker - Cannot connect to: tsa.telangana.gov.in:80
[21-03-12 10:15:01] - http://tsa.telangana.gov.in/ - .env.docker.dev - Cannot connect to: tsa.telangana.gov.in:80
[21-03-12 10:15:04] - http://tsa.telangana.gov.in/ - .env.example - Cannot connect to: tsa.telangana.gov.in:80
[21-03-12 10:15:05] - http://tsa.telangana.gov.in/ - .env.local - Cannot connect to: tsa.telangana.gov.in:80
[21-03-12 10:15:08] - http://tsa.telangana.gov.in/ - .env.php - Cannot connect to: tsa.telangana.gov.in:80
[21-03-12 10:15:08] - http://tsa.telangana.gov.in/ - .env.prod - Cannot connect to: tsa.telangana.gov.in:80
[21-03-12 10:15:08] - http://tsa.telangana.gov.in/ - .env.prod.local - Cannot connect to: tsa.telangana.gov.in:80
[21-03-12 10:15:08] - http://tsa.telangana.gov.in/ - .env.production - Cannot connect to: tsa.telangana.gov.in:80
[21-03-12 10:15:09] - http://tsa.telangana.gov.in/ - .env.production.local - Cannot connect to: tsa.telangana.gov.in:80
[21-03-12 10:15:09] - http://tsa.telangana.gov.in/ - .env.sample - Cannot connect to: tsa.telangana.gov.in:80
[21-03-12 10:15:09] - http://tsa.telangana.gov.in/ - .env.sample.php - Cannot connect to: tsa.telangana.gov.in:80
[21-03-12 10:15:09] - http://tsa.telangana.gov.in/ - .env.save - Cannot connect to: tsa.telangana.gov.in:80
[21-03-12 10:15:09] - http://tsa.telangana.gov.in/ - .env.stage - Cannot connect to: tsa.telangana.gov.in:80
[21-03-12 10:15:09] - http://tsa.telangana.gov.in/ - .env.test - Cannot connect to: tsa.telangana.gov.in:80
[21-03-12 10:15:09] - http://tsa.telangana.gov.in/ - .env.test.local - Cannot connect to: tsa.telangana.gov.in:80
[21-03-12 10:15:09] - http://tsa.telangana.gov.in/ - .env.test.sample - Cannot connect to: tsa.telangana.gov.in:80
[21-03-12 10:15:09] - http://tsa.telangana.gov.in/ - .env.travis - Cannot connect to: tsa.telangana.gov.in:80
[21-03-12 10:15:10] - http://tsa.telangana.gov.in/ - .environment - Cannot connect to: tsa.telangana.gov.in:80
[21-03-12 10:15:10] - http://tsa.telangana.gov.in/ - .envrc - Cannot connect to: tsa.telangana.gov.in:80
[21-03-12 10:15:10] - http://tsa.telangana.gov.in/ - .envs - Cannot connect to: tsa.telangana.gov.in:80
[21-03-12 10:15:10] - http://tsa.telangana.gov.in/ - .env~ - Cannot connect to: tsa.telangana.gov.in:80
[21-03-12 10:15:10] - http://tsa.telangana.gov.in/ - .error_log - Cannot connect to: tsa.telangana.gov.in:80
[21-03-12 10:15:10] - http://tsa.telangana.gov.in/ - .esdoc.json - Cannot connect to: tsa.telangana.gov.in:80
[21-03-12 10:15:10] - http://tsa.telangana.gov.in/ - .esformatter - Cannot connect to: tsa.telangana.gov.in:80
[21-03-12 10:15:10] - http://tsa.telangana.gov.in/ - .eslintignore - Cannot connect to: tsa.telangana.gov.in:80
[21-03-12 10:15:10] - http://tsa.telangana.gov.in/ - .eslintcache - Cannot connect to: tsa.telangana.gov.in:80
[21-03-12 10:15:10] - http://tsa.telangana.gov.in/ - .eslintrc - Cannot connect to: tsa.telangana.gov.in:80
[21-03-12 10:15:11] - http://tsa.telangana.gov.in/ - .eslintrc.json - Cannot connect to: tsa.telangana.gov.in:80
[21-03-12 10:15:11] - http://tsa.telangana.gov.in/ - .eslintrc.js - Cannot connect to: tsa.telangana.gov.in:80
[21-03-12 10:15:11] - http://tsa.telangana.gov.in/ - .eslintrc.yml - Cannot connect to: tsa.telangana.gov.in:80
[21-03-12 10:15:11] - http://tsa.telangana.gov.in/ - .eslintrc.yaml - Cannot connect to: tsa.telangana.gov.in:80
[21-03-12 10:15:11] - http://tsa.telangana.gov.in/ - .esmtprc - Cannot connect to: tsa.telangana.gov.in:80
[21-03-12 10:15:14] - http://tsa.telangana.gov.in/ - .espressostorage - Cannot connect to: tsa.telangana.gov.in:80
[21-03-12 10:15:15] - http://tsa.telangana.gov.in/ - .eunit - Cannot connect to: tsa.telangana.gov.in:80
[21-03-12 10:15:18] - http://tsa.telangana.gov.in/ - .evg.yml - Cannot connect to: tsa.telangana.gov.in:80
[21-03-12 10:15:18] - http://tsa.telangana.gov.in/ - .exe - Cannot connect to: tsa.telangana.gov.in:80
[21-03-12 10:15:18] - http://tsa.telangana.gov.in/ - .exercism - Cannot connect to: tsa.telangana.gov.in:80
[21-03-12 10:15:18] - http://tsa.telangana.gov.in/ - .exit.log - Cannot connect to: tsa.telangana.gov.in:80
[21-03-12 10:15:19] - http://tsa.telangana.gov.in/ - .exports - Cannot connect to: tsa.telangana.gov.in:80
[21-03-12 10:15:19] - http://tsa.telangana.gov.in/ - .external/ - Cannot connect to: tsa.telangana.gov.in:80
[21-03-12 10:15:19] - http://tsa.telangana.gov.in/ - .external/data - Cannot connect to: tsa.telangana.gov.in:80
[21-03-12 10:15:19] - http://tsa.telangana.gov.in/ - .externalNativeBuild - Cannot connect to: tsa.telangana.gov.in:80
[21-03-12 10:15:19] - http://tsa.telangana.gov.in/ - .externalToolBuilders/ - Cannot connect to: tsa.telangana.gov.in:80
[21-03-12 10:15:19] - http://tsa.telangana.gov.in/ - .externalnativebuild - Cannot connect to: tsa.telangana.gov.in:80
[21-03-12 10:15:19] - http://tsa.telangana.gov.in/ - .externaltoolbuilders/ - Cannot connect to: tsa.telangana.gov.in:80
[21-03-12 10:15:19] - http://tsa.telangana.gov.in/ - .extra - Cannot connect to: tsa.telangana.gov.in:80
[21-03-12 10:15:19] - http://tsa.telangana.gov.in/ - .factorypath - Cannot connect to: tsa.telangana.gov.in:80
[21-03-12 10:15:20] - http://tsa.telangana.gov.in/ - .fake/ - Cannot connect to: tsa.telangana.gov.in:80
[21-03-12 10:15:20] - http://tsa.telangana.gov.in/ - .faultread.log - Cannot connect to: tsa.telangana.gov.in:80
[21-03-12 10:15:20] - http://tsa.telangana.gov.in/ - .faultreadkernel.log - Cannot connect to: tsa.telangana.gov.in:80
[21-03-12 10:15:20] - http://tsa.telangana.gov.in/ - .fbprefs - Cannot connect to: tsa.telangana.gov.in:80
[21-03-12 10:15:20] - http://tsa.telangana.gov.in/ - .fetch - Cannot connect to: tsa.telangana.gov.in:80
[21-03-12 10:15:20] - http://tsa.telangana.gov.in/ - .fhp - Cannot connect to: tsa.telangana.gov.in:80
[21-03-12 10:15:20] - http://tsa.telangana.gov.in/ - .filemgr-tmp - Cannot connect to: tsa.telangana.gov.in:80
[21-03-12 10:15:20] - http://tsa.telangana.gov.in/ - .filezilla/ - Cannot connect to: tsa.telangana.gov.in:80
[21-03-12 10:15:20] - http://tsa.telangana.gov.in/ - .filetree - Cannot connect to: tsa.telangana.gov.in:80
[21-03-12 10:15:20] - http://tsa.telangana.gov.in/ - .filezilla/sitemanager.xml.xml - Cannot connect to: tsa.telangana.gov.in:80
[21-03-12 10:15:21] - http://tsa.telangana.gov.in/ - .finished-upgraders - Cannot connect to: tsa.telangana.gov.in:80
[21-03-12 10:15:21] - http://tsa.telangana.gov.in/ - .firebaserc - Cannot connect to: tsa.telangana.gov.in:80
[21-03-12 10:15:21] - http://tsa.telangana.gov.in/ - .fishsrv.pl - Cannot connect to: tsa.telangana.gov.in:80
[21-03-12 10:15:21] - http://tsa.telangana.gov.in/ - .fixtures.yml - Cannot connect to: tsa.telangana.gov.in:80
[21-03-12 10:15:21] - http://tsa.telangana.gov.in/ - .flac - Cannot connect to: tsa.telangana.gov.in:80
[21-03-12 10:15:24] - http://tsa.telangana.gov.in/ - .flake8 - Cannot connect to: tsa.telangana.gov.in:80
[21-03-12 10:15:25] - http://tsa.telangana.gov.in/ - .flexLibProperties - Cannot connect to: tsa.telangana.gov.in:80
[21-03-12 10:15:28] - http://tsa.telangana.gov.in/ - .floo - Cannot connect to: tsa.telangana.gov.in:80
[21-03-12 10:15:28] - http://tsa.telangana.gov.in/ - .flooignore - Cannot connect to: tsa.telangana.gov.in:80
[21-03-12 10:15:28] - http://tsa.telangana.gov.in/ - .flowconfig - Cannot connect to: tsa.telangana.gov.in:80
[21-03-12 10:15:28] - http://tsa.telangana.gov.in/ - .flv - Cannot connect to: tsa.telangana.gov.in:80
[21-03-12 10:15:29] - http://tsa.telangana.gov.in/ - .fontconfig/ - Cannot connect to: tsa.telangana.gov.in:80
[21-03-12 10:15:29] - http://tsa.telangana.gov.in/ - .fontcustom-manifest.json - Cannot connect to: tsa.telangana.gov.in:80
[21-03-12 10:15:29] - http://tsa.telangana.gov.in/ - .foodcritic - Cannot connect to: tsa.telangana.gov.in:80
[21-03-12 10:15:29] - http://tsa.telangana.gov.in/ - .fop/ - Cannot connect to: tsa.telangana.gov.in:80
[21-03-12 10:15:29] - http://tsa.telangana.gov.in/ - .forktest.log - Cannot connect to: tsa.telangana.gov.in:80
[21-03-12 10:15:29] - http://tsa.telangana.gov.in/ - .forktree.log - Cannot connect to: tsa.telangana.gov.in:80
[21-03-12 10:15:29] - http://tsa.telangana.gov.in/ - .formatter.exs - Cannot connect to: tsa.telangana.gov.in:80
[21-03-12 10:15:29] - http://tsa.telangana.gov.in/ - .forward - Cannot connect to: tsa.telangana.gov.in:80
[21-03-12 10:15:29] - http://tsa.telangana.gov.in/ - .frlog - Cannot connect to: tsa.telangana.gov.in:80
[21-03-12 10:15:30] - http://tsa.telangana.gov.in/ - .fseventsd - Cannot connect to: tsa.telangana.gov.in:80
[21-03-12 10:15:30] - http://tsa.telangana.gov.in/ - .ftp - Cannot connect to: tsa.telangana.gov.in:80
[21-03-12 10:15:30] - http://tsa.telangana.gov.in/ - .ftpconfig - Cannot connect to: tsa.telangana.gov.in:80
[21-03-12 10:15:30] - http://tsa.telangana.gov.in/ - .ftp-access - Cannot connect to: tsa.telangana.gov.in:80
[21-03-12 10:15:30] - http://tsa.telangana.gov.in/ - .ftppass - Cannot connect to: tsa.telangana.gov.in:80
[21-03-12 10:15:30] - http://tsa.telangana.gov.in/ - .ftpquota - Cannot connect to: tsa.telangana.gov.in:80
[21-03-12 10:15:30] - http://tsa.telangana.gov.in/ - .functions - Cannot connect to: tsa.telangana.gov.in:80
[21-03-12 10:15:30] - http://tsa.telangana.gov.in/ - .fuse_hidden - Cannot connect to: tsa.telangana.gov.in:80
[21-03-12 10:15:30] - http://tsa.telangana.gov.in/ - .fusebox/ - Cannot connect to: tsa.telangana.gov.in:80
[21-03-12 10:15:30] - http://tsa.telangana.gov.in/ - .gdbinit - Cannot connect to: tsa.telangana.gov.in:80
[21-03-12 10:15:31] - http://tsa.telangana.gov.in/ - .gdrive/token_v2.json - Cannot connect to: tsa.telangana.gov.in:80
[21-03-12 10:15:31] - http://tsa.telangana.gov.in/ - .gem - Cannot connect to: tsa.telangana.gov.in:80
[21-03-12 10:15:31] - http://tsa.telangana.gov.in/ - .gemfile - Cannot connect to: tsa.telangana.gov.in:80
[21-03-12 10:15:31] - http://tsa.telangana.gov.in/ - .gem/credentials - Cannot connect to: tsa.telangana.gov.in:80
[21-03-12 10:15:31] - http://tsa.telangana.gov.in/ - .gemrc - Cannot connect to: tsa.telangana.gov.in:80
[21-03-12 10:15:34] - http://tsa.telangana.gov.in/ - .gems - Cannot connect to: tsa.telangana.gov.in:80
[21-03-12 10:15:35] - http://tsa.telangana.gov.in/ - .gemspec - Cannot connect to: tsa.telangana.gov.in:80
[21-03-12 10:15:38] - http://tsa.telangana.gov.in/ - .gemtest - Cannot connect to: tsa.telangana.gov.in:80
[21-03-12 10:15:38] - http://tsa.telangana.gov.in/ - .generators - Cannot connect to: tsa.telangana.gov.in:80
[21-03-12 10:15:38] - http://tsa.telangana.gov.in/ - .geppetto-rc.json - Cannot connect to: tsa.telangana.gov.in:80
[21-03-12 10:15:38] - http://tsa.telangana.gov.in/ - .gfclient/ - Cannot connect to: tsa.telangana.gov.in:80
[21-03-12 10:15:39] - http://tsa.telangana.gov.in/ - .gfclient/pass - Cannot connect to: tsa.telangana.gov.in:80
[21-03-12 10:15:39] - http://tsa.telangana.gov.in/ - .ghc.environment - Cannot connect to: tsa.telangana.gov.in:80
[21-03-12 10:15:39] - http://tsa.telangana.gov.in/ - .ghci - Cannot connect to: tsa.telangana.gov.in:80
[21-03-12 10:15:39] - http://tsa.telangana.gov.in/ - .gho - Cannot connect to: tsa.telangana.gov.in:80
[21-03-12 10:15:39] - http://tsa.telangana.gov.in/ - .gif - Cannot connect to: tsa.telangana.gov.in:80
[21-03-12 10:15:39] - http://tsa.telangana.gov.in/ - .git - Cannot connect to: tsa.telangana.gov.in:80
[21-03-12 10:15:39] - http://tsa.telangana.gov.in/ - .git-credentials - Cannot connect to: tsa.telangana.gov.in:80
[21-03-12 10:15:40] - http://tsa.telangana.gov.in/ - .git-rewrite/ - Cannot connect to: tsa.telangana.gov.in:80
[21-03-12 10:15:40] - http://tsa.telangana.gov.in/ - .git.json - Cannot connect to: tsa.telangana.gov.in:80
[21-03-12 10:15:40] - http://tsa.telangana.gov.in/ - .git/ - Cannot connect to: tsa.telangana.gov.in:80
[21-03-12 10:15:40] - http://tsa.telangana.gov.in/ - .git/COMMIT_EDITMSG - Cannot connect to: tsa.telangana.gov.in:80
[21-03-12 10:15:40] - http://tsa.telangana.gov.in/ - .git/FETCH_HEAD - Cannot connect to: tsa.telangana.gov.in:80
[21-03-12 10:15:40] - http://tsa.telangana.gov.in/ - .git/HEAD - Cannot connect to: tsa.telangana.gov.in:80
[21-03-12 10:15:40] - http://tsa.telangana.gov.in/ - .git/branches/ - Cannot connect to: tsa.telangana.gov.in:80
[21-03-12 10:15:40] - http://tsa.telangana.gov.in/ - .git/config - Cannot connect to: tsa.telangana.gov.in:80
[21-03-12 10:15:40] - http://tsa.telangana.gov.in/ - .git/description - Cannot connect to: tsa.telangana.gov.in:80
[21-03-12 10:15:40] - http://tsa.telangana.gov.in/ - .git/head - Cannot connect to: tsa.telangana.gov.in:80
[21-03-12 10:15:40] - http://tsa.telangana.gov.in/ - .git/hooks/ - Cannot connect to: tsa.telangana.gov.in:80
[21-03-12 10:15:40] - http://tsa.telangana.gov.in/ - .git/hooks/applypatch-msg - Cannot connect to: tsa.telangana.gov.in:80
[21-03-12 10:15:41] - http://tsa.telangana.gov.in/ - .git/hooks/post-update - Cannot connect to: tsa.telangana.gov.in:80
[21-03-12 10:15:41] - http://tsa.telangana.gov.in/ - .git/hooks/commit-msg - Cannot connect to: tsa.telangana.gov.in:80
[21-03-12 10:15:41] - http://tsa.telangana.gov.in/ - .git/hooks/prepare-commit-msg - Cannot connect to: tsa.telangana.gov.in:80
[21-03-12 10:15:41] - http://tsa.telangana.gov.in/ - .git/hooks/pre-applypatch - Cannot connect to: tsa.telangana.gov.in:80
[21-03-12 10:15:41] - http://tsa.telangana.gov.in/ - .git/hooks/pre-commit - Cannot connect to: tsa.telangana.gov.in:80
[21-03-12 10:15:44] - http://tsa.telangana.gov.in/ - .git/hooks/pre-push - Cannot connect to: tsa.telangana.gov.in:80
[21-03-12 10:15:45] - http://tsa.telangana.gov.in/ - .git/hooks/pre-rebase - Cannot connect to: tsa.telangana.gov.in:80
[21-03-12 10:15:48] - http://tsa.telangana.gov.in/ - .git/hooks/pre-receive - Cannot connect to: tsa.telangana.gov.in:80
[21-03-12 10:15:48] - http://tsa.telangana.gov.in/ - .git/hooks/update - Cannot connect to: tsa.telangana.gov.in:80
[21-03-12 10:15:48] - http://tsa.telangana.gov.in/ - .git/index - Cannot connect to: tsa.telangana.gov.in:80
[21-03-12 10:15:48] - http://tsa.telangana.gov.in/ - .git/info/ - Cannot connect to: tsa.telangana.gov.in:80
[21-03-12 10:15:49] - http://tsa.telangana.gov.in/ - .git/info/attributes - Cannot connect to: tsa.telangana.gov.in:80
[21-03-12 10:15:49] - http://tsa.telangana.gov.in/ - .git/info/exclude - Cannot connect to: tsa.telangana.gov.in:80
[21-03-12 10:15:49] - http://tsa.telangana.gov.in/ - .git/info/refs - Cannot connect to: tsa.telangana.gov.in:80
[21-03-12 10:15:49] - http://tsa.telangana.gov.in/ - .git/logs/ - Cannot connect to: tsa.telangana.gov.in:80
[21-03-12 10:15:49] - http://tsa.telangana.gov.in/ - .git/logs/HEAD - Cannot connect to: tsa.telangana.gov.in:80
[21-03-12 10:15:49] - http://tsa.telangana.gov.in/ - .git/logs/head - Cannot connect to: tsa.telangana.gov.in:80
[21-03-12 10:15:49] - http://tsa.telangana.gov.in/ - .git/logs/refs - Cannot connect to: tsa.telangana.gov.in:80
[21-03-12 10:15:50] - http://tsa.telangana.gov.in/ - .git/logs/refs/heads - Cannot connect to: tsa.telangana.gov.in:80
[21-03-12 10:15:50] - http://tsa.telangana.gov.in/ - .git/logs/refs/heads/master - Cannot connect to: tsa.telangana.gov.in:80
[21-03-12 10:15:50] - http://tsa.telangana.gov.in/ - .git/logs/refs/remotes - Cannot connect to: tsa.telangana.gov.in:80
[21-03-12 10:15:50] - http://tsa.telangana.gov.in/ - .git/logs/refs/remotes/origin - Cannot connect to: tsa.telangana.gov.in:80
[21-03-12 10:15:50] - http://tsa.telangana.gov.in/ - .git/logs/refs/remotes/origin/HEAD - Cannot connect to: tsa.telangana.gov.in:80
[21-03-12 10:15:50] - http://tsa.telangana.gov.in/ - .git/logs/refs/remotes/origin/master - Cannot connect to: tsa.telangana.gov.in:80
[21-03-12 10:15:50] - http://tsa.telangana.gov.in/ - .git/objects/ - Cannot connect to: tsa.telangana.gov.in:80
[21-03-12 10:15:50] - http://tsa.telangana.gov.in/ - .git/objects/info/packs - Cannot connect to: tsa.telangana.gov.in:80
[21-03-12 10:15:50] - http://tsa.telangana.gov.in/ - .git/packed-refs - Cannot connect to: tsa.telangana.gov.in:80
[21-03-12 10:15:50] - http://tsa.telangana.gov.in/ - .git/refs/ - Cannot connect to: tsa.telangana.gov.in:80
[21-03-12 10:15:50] - http://tsa.telangana.gov.in/ - .git/refs/heads - Cannot connect to: tsa.telangana.gov.in:80
[21-03-12 10:15:50] - http://tsa.telangana.gov.in/ - .git/refs/heads/master - Cannot connect to: tsa.telangana.gov.in:80
[21-03-12 10:15:51] - http://tsa.telangana.gov.in/ - .git/refs/remotes - Cannot connect to: tsa.telangana.gov.in:80
[21-03-12 10:15:51] - http://tsa.telangana.gov.in/ - .git/refs/remotes/origin - Cannot connect to: tsa.telangana.gov.in:80
[21-03-12 10:15:51] - http://tsa.telangana.gov.in/ - .git/refs/remotes/origin/master - Cannot connect to: tsa.telangana.gov.in:80
[21-03-12 10:15:51] - http://tsa.telangana.gov.in/ - .git/refs/remotes/origin/HEAD - Cannot connect to: tsa.telangana.gov.in:80
[21-03-12 10:15:51] - http://tsa.telangana.gov.in/ - .git/refs/tags - Cannot connect to: tsa.telangana.gov.in:80
[21-03-12 10:15:54] - http://tsa.telangana.gov.in/ - .git2/ - Cannot connect to: tsa.telangana.gov.in:80
[21-03-12 10:15:55] - http://tsa.telangana.gov.in/ - .git_release - Cannot connect to: tsa.telangana.gov.in:80
[21-03-12 10:15:58] - http://tsa.telangana.gov.in/ - .gitattributes - Cannot connect to: tsa.telangana.gov.in:80
[21-03-12 10:15:58] - http://tsa.telangana.gov.in/ - .gitchangelog.rc - Cannot connect to: tsa.telangana.gov.in:80
[21-03-12 10:15:58] - http://tsa.telangana.gov.in/ - .gitconfig - Cannot connect to: tsa.telangana.gov.in:80
[21-03-12 10:15:58] - http://tsa.telangana.gov.in/ - .github/ - Cannot connect to: tsa.telangana.gov.in:80
[21-03-12 10:15:59] - http://tsa.telangana.gov.in/ - .github/ISSUE_TEMPLATE.md - Cannot connect to: tsa.telangana.gov.in:80
[21-03-12 10:15:59] - http://tsa.telangana.gov.in/ - .github/PULL_REQUEST_TEMPLATE.md - Cannot connect to: tsa.telangana.gov.in:80
[21-03-12 10:15:59] - http://tsa.telangana.gov.in/ - .github/workflows/blank.yml - Cannot connect to: tsa.telangana.gov.in:80
[21-03-12 10:15:59] - http://tsa.telangana.gov.in/ - .github/workflows/ci.yml - Cannot connect to: tsa.telangana.gov.in:80
[21-03-12 10:15:59] - http://tsa.telangana.gov.in/ - .github/workflows/dependabot.yml - Cannot connect to: tsa.telangana.gov.in:80
[21-03-12 10:15:59] - http://tsa.telangana.gov.in/ - .github/workflows/docker.yml - Cannot connect to: tsa.telangana.gov.in:80
[21-03-12 10:15:59] - http://tsa.telangana.gov.in/ - .github/workflows/master.yml - Cannot connect to: tsa.telangana.gov.in:80
[21-03-12 10:16:00] - http://tsa.telangana.gov.in/ - .github/workflows/nodejs.yml - Cannot connect to: tsa.telangana.gov.in:80
[21-03-12 10:16:00] - http://tsa.telangana.gov.in/ - .github/workflows/maven.yml - Cannot connect to: tsa.telangana.gov.in:80
[21-03-12 10:16:00] - http://tsa.telangana.gov.in/ - .github/workflows/publish.yml - Cannot connect to: tsa.telangana.gov.in:80
[21-03-12 10:16:00] - http://tsa.telangana.gov.in/ - .gitignore - Cannot connect to: tsa.telangana.gov.in:80
[21-03-12 10:16:00] - http://tsa.telangana.gov.in/ - .gitignore.swp - Cannot connect to: tsa.telangana.gov.in:80
[21-03-12 10:16:00] - http://tsa.telangana.gov.in/ - .gitignore.orig - Cannot connect to: tsa.telangana.gov.in:80
[21-03-12 10:16:00] - http://tsa.telangana.gov.in/ - .gitignore/ - Cannot connect to: tsa.telangana.gov.in:80
[21-03-12 10:16:00] - http://tsa.telangana.gov.in/ - .gitignore_global - Cannot connect to: tsa.telangana.gov.in:80
[21-03-12 10:16:00] - http://tsa.telangana.gov.in/ - .gitignore~ - Cannot connect to: tsa.telangana.gov.in:80
[21-03-12 10:16:00] - http://tsa.telangana.gov.in/ - .gitk - Cannot connect to: tsa.telangana.gov.in:80
[21-03-12 10:16:00] - http://tsa.telangana.gov.in/ - .gitkeep - Cannot connect to: tsa.telangana.gov.in:80
[21-03-12 10:16:00] - http://tsa.telangana.gov.in/ - .gitlab - Cannot connect to: tsa.telangana.gov.in:80
[21-03-12 10:16:01] - http://tsa.telangana.gov.in/ - .gitlab-ci.off.yml - Cannot connect to: tsa.telangana.gov.in:80
[21-03-12 10:16:01] - http://tsa.telangana.gov.in/ - .gitlab-ci.yml - Cannot connect to: tsa.telangana.gov.in:80
[21-03-12 10:16:01] - http://tsa.telangana.gov.in/ - .gitlab-ci/.env - Cannot connect to: tsa.telangana.gov.in:80
[21-03-12 10:16:01] - http://tsa.telangana.gov.in/ - .gitlab/merge_request_templates - Cannot connect to: tsa.telangana.gov.in:80
[21-03-12 10:16:01] - http://tsa.telangana.gov.in/ - .gitlab/issue_templates - Cannot connect to: tsa.telangana.gov.in:80
[21-03-12 10:16:04] - http://tsa.telangana.gov.in/ - .gitlab/route-map.yml - Cannot connect to: tsa.telangana.gov.in:80
[21-03-12 10:16:05] - http://tsa.telangana.gov.in/ - .gitmodules - Cannot connect to: tsa.telangana.gov.in:80
[21-03-12 10:16:08] - http://tsa.telangana.gov.in/ - .gitreview - Cannot connect to: tsa.telangana.gov.in:80
[21-03-12 10:16:08] - http://tsa.telangana.gov.in/ - .gnome/ - Cannot connect to: tsa.telangana.gov.in:80
[21-03-12 10:16:08] - http://tsa.telangana.gov.in/ - .gnupg/ - Cannot connect to: tsa.telangana.gov.in:80
[21-03-12 10:16:08] - http://tsa.telangana.gov.in/ - .gnupg/trustdb.gpg - Cannot connect to: tsa.telangana.gov.in:80
[21-03-12 10:16:09] - http://tsa.telangana.gov.in/ - .godir - Cannot connect to: tsa.telangana.gov.in:80
[21-03-12 10:16:09] - http://tsa.telangana.gov.in/ - .golangci.yml - Cannot connect to: tsa.telangana.gov.in:80
[21-03-12 10:16:09] - http://tsa.telangana.gov.in/ - .google.token - Cannot connect to: tsa.telangana.gov.in:80
[21-03-12 10:16:09] - http://tsa.telangana.gov.in/ - .goreleaser.yml - Cannot connect to: tsa.telangana.gov.in:80
[21-03-12 10:16:09] - http://tsa.telangana.gov.in/ - .goxc.json - Cannot connect to: tsa.telangana.gov.in:80
[21-03-12 10:16:09] - http://tsa.telangana.gov.in/ - .gphoto/ - Cannot connect to: tsa.telangana.gov.in:80
[21-03-12 10:16:09] - http://tsa.telangana.gov.in/ - .gradle - Cannot connect to: tsa.telangana.gov.in:80
[21-03-12 10:16:10] - http://tsa.telangana.gov.in/ - .gradle/ - Cannot connect to: tsa.telangana.gov.in:80
[21-03-12 10:16:10] - http://tsa.telangana.gov.in/ - .gradle/gradle.properties - Cannot connect to: tsa.telangana.gov.in:80
[21-03-12 10:16:10] - http://tsa.telangana.gov.in/ - .gradletasknamecache - Cannot connect to: tsa.telangana.gov.in:80
[21-03-12 10:16:10] - http://tsa.telangana.gov.in/ - .groc.json - Cannot connect to: tsa.telangana.gov.in:80
[21-03-12 10:16:10] - http://tsa.telangana.gov.in/ - .grunt - Cannot connect to: tsa.telangana.gov.in:80
[21-03-12 10:16:10] - http://tsa.telangana.gov.in/ - .grunt/ - Cannot connect to: tsa.telangana.gov.in:80
[21-03-12 10:16:10] - http://tsa.telangana.gov.in/ - .gtkrc - Cannot connect to: tsa.telangana.gov.in:80
[21-03-12 10:16:10] - http://tsa.telangana.gov.in/ - .guile_history - Cannot connect to: tsa.telangana.gov.in:80
[21-03-12 10:16:10] - http://tsa.telangana.gov.in/ - .gvimrc - Cannot connect to: tsa.telangana.gov.in:80
[21-03-12 10:16:10] - http://tsa.telangana.gov.in/ - .gwt-tmp/ - Cannot connect to: tsa.telangana.gov.in:80
[21-03-12 10:16:10] - http://tsa.telangana.gov.in/ - .gwt/ - Cannot connect to: tsa.telangana.gov.in:80
[21-03-12 10:16:10] - http://tsa.telangana.gov.in/ - .gz - Cannot connect to: tsa.telangana.gov.in:80
[21-03-12 10:16:11] - http://tsa.telangana.gov.in/ - .hello.log - Cannot connect to: tsa.telangana.gov.in:80
[21-03-12 10:16:11] - http://tsa.telangana.gov.in/ - .hash - Cannot connect to: tsa.telangana.gov.in:80
[21-03-12 10:16:11] - http://tsa.telangana.gov.in/ - .helm/repository/repositories.yaml - Cannot connect to: tsa.telangana.gov.in:80
[21-03-12 10:16:11] - http://tsa.telangana.gov.in/ - .helm/values.conf - Cannot connect to: tsa.telangana.gov.in:80
[21-03-12 10:16:11] - http://tsa.telangana.gov.in/ - .helm/values.yaml - Cannot connect to: tsa.telangana.gov.in:80
[21-03-12 10:16:14] - http://tsa.telangana.gov.in/ - .hg - Cannot connect to: tsa.telangana.gov.in:80
[21-03-12 10:16:15] - http://tsa.telangana.gov.in/ - .hg/ - Cannot connect to: tsa.telangana.gov.in:80
[21-03-12 10:16:18] - http://tsa.telangana.gov.in/ - .hg/branch - Cannot connect to: tsa.telangana.gov.in:80
[21-03-12 10:16:18] - http://tsa.telangana.gov.in/ - .hg/dirstate - Cannot connect to: tsa.telangana.gov.in:80
[21-03-12 10:16:18] - http://tsa.telangana.gov.in/ - .hg/hgrc - Cannot connect to: tsa.telangana.gov.in:80
[21-03-12 10:16:18] - http://tsa.telangana.gov.in/ - .hg/requires - Cannot connect to: tsa.telangana.gov.in:80
[21-03-12 10:16:19] - http://tsa.telangana.gov.in/ - .hg/store/data/ - Cannot connect to: tsa.telangana.gov.in:80
[21-03-12 10:16:19] - http://tsa.telangana.gov.in/ - .hg/store/undo - Cannot connect to: tsa.telangana.gov.in:80
[21-03-12 10:16:19] - http://tsa.telangana.gov.in/ - .hg/undo.dirstate - Cannot connect to: tsa.telangana.gov.in:80
[21-03-12 10:16:19] - http://tsa.telangana.gov.in/ - .hg_archival.txt - Cannot connect to: tsa.telangana.gov.in:80
[21-03-12 10:16:19] - http://tsa.telangana.gov.in/ - .hgignore - Cannot connect to: tsa.telangana.gov.in:80
[21-03-12 10:16:19] - http://tsa.telangana.gov.in/ - .hgignore.global - Cannot connect to: tsa.telangana.gov.in:80
[21-03-12 10:16:19] - http://tsa.telangana.gov.in/ - .hgrc - Cannot connect to: tsa.telangana.gov.in:80
[21-03-12 10:16:20] - http://tsa.telangana.gov.in/ - .hgsigs - Cannot connect to: tsa.telangana.gov.in:80
[21-03-12 10:16:20] - http://tsa.telangana.gov.in/ - .hgsub - Cannot connect to: tsa.telangana.gov.in:80
[21-03-12 10:16:20] - http://tsa.telangana.gov.in/ - .hgsubstate - Cannot connect to: tsa.telangana.gov.in:80
[21-03-12 10:16:20] - http://tsa.telangana.gov.in/ - .hgtags - Cannot connect to: tsa.telangana.gov.in:80
[21-03-12 10:16:20] - http://tsa.telangana.gov.in/ - .histfile - Cannot connect to: tsa.telangana.gov.in:80
[21-03-12 10:16:20] - http://tsa.telangana.gov.in/ - .hhconfig - Cannot connect to: tsa.telangana.gov.in:80
[21-03-12 10:16:20] - http://tsa.telangana.gov.in/ - .history - Cannot connect to: tsa.telangana.gov.in:80
[21-03-12 10:16:20] - http://tsa.telangana.gov.in/ - .hound.yml - Cannot connect to: tsa.telangana.gov.in:80
[21-03-12 10:16:20] - http://tsa.telangana.gov.in/ - .hpc - Cannot connect to: tsa.telangana.gov.in:80
[21-03-12 10:16:20] - http://tsa.telangana.gov.in/ - .hsdoc - Cannot connect to: tsa.telangana.gov.in:80
[21-03-12 10:16:20] - http://tsa.telangana.gov.in/ - .hsenv - Cannot connect to: tsa.telangana.gov.in:80
[21-03-12 10:16:20] - http://tsa.telangana.gov.in/ - .ht_wsr.txt - Cannot connect to: tsa.telangana.gov.in:80
[21-03-12 10:16:21] - http://tsa.telangana.gov.in/ - .htaccess - Cannot connect to: tsa.telangana.gov.in:80
[21-03-12 10:16:21] - http://tsa.telangana.gov.in/ - .hta - Cannot connect to: tsa.telangana.gov.in:80
[21-03-12 10:16:21] - http://tsa.telangana.gov.in/ - .htaccess-local - Cannot connect to: tsa.telangana.gov.in:80
[21-03-12 10:16:21] - http://tsa.telangana.gov.in/ - .htaccess-marco - Cannot connect to: tsa.telangana.gov.in:80
[21-03-12 10:16:21] - http://tsa.telangana.gov.in/ - .htaccess-dev - Cannot connect to: tsa.telangana.gov.in:80
[21-03-12 10:16:24] - http://tsa.telangana.gov.in/ - .htaccess.BAK - Cannot connect to: tsa.telangana.gov.in:80
[21-03-12 10:16:25] - http://tsa.telangana.gov.in/ - .htaccess.bak - Cannot connect to: tsa.telangana.gov.in:80
[21-03-12 10:16:28] - http://tsa.telangana.gov.in/ - .htaccess.bak1 - Cannot connect to: tsa.telangana.gov.in:80
[21-03-12 10:16:28] - http://tsa.telangana.gov.in/ - .htaccess.inc - Cannot connect to: tsa.telangana.gov.in:80
[21-03-12 10:16:28] - http://tsa.telangana.gov.in/ - .htaccess.old - Cannot connect to: tsa.telangana.gov.in:80
[21-03-12 10:16:28] - http://tsa.telangana.gov.in/ - .htaccess.orig - Cannot connect to: tsa.telangana.gov.in:80
[21-03-12 10:16:29] - http://tsa.telangana.gov.in/ - .htaccess.sample - Cannot connect to: tsa.telangana.gov.in:80
[21-03-12 10:16:29] - http://tsa.telangana.gov.in/ - .htaccess.save - Cannot connect to: tsa.telangana.gov.in:80
[21-03-12 10:16:29] - http://tsa.telangana.gov.in/ - .htaccess.txt - Cannot connect to: tsa.telangana.gov.in:80
[21-03-12 10:16:29] - http://tsa.telangana.gov.in/ - .htaccess/ - Cannot connect to: tsa.telangana.gov.in:80
[21-03-12 10:16:29] - http://tsa.telangana.gov.in/ - .htaccessBAK - Cannot connect to: tsa.telangana.gov.in:80
[21-03-12 10:16:29] - http://tsa.telangana.gov.in/ - .htaccessOLD - Cannot connect to: tsa.telangana.gov.in:80
[21-03-12 10:16:29] - http://tsa.telangana.gov.in/ - .htaccessOLD2 - Cannot connect to: tsa.telangana.gov.in:80
[21-03-12 10:16:30] - http://tsa.telangana.gov.in/ - .htaccess_extra - Cannot connect to: tsa.telangana.gov.in:80
[21-03-12 10:16:30] - http://tsa.telangana.gov.in/ - .htaccess_orig - Cannot connect to: tsa.telangana.gov.in:80
[21-03-12 10:16:30] - http://tsa.telangana.gov.in/ - .htaccess_sc - Cannot connect to: tsa.telangana.gov.in:80
[21-03-12 10:16:30] - http://tsa.telangana.gov.in/ - .htaccess~ - Cannot connect to: tsa.telangana.gov.in:80
[21-03-12 10:16:30] - http://tsa.telangana.gov.in/ - .htgroup - Cannot connect to: tsa.telangana.gov.in:80
[21-03-12 10:16:30] - http://tsa.telangana.gov.in/ - .htm - Cannot connect to: tsa.telangana.gov.in:80
[21-03-12 10:16:30] - http://tsa.telangana.gov.in/ - .html - Cannot connect to: tsa.telangana.gov.in:80
[21-03-12 10:16:30] - http://tsa.telangana.gov.in/ - .htpasswd - Cannot connect to: tsa.telangana.gov.in:80
[21-03-12 10:16:30] - http://tsa.telangana.gov.in/ - .htpasswd-old - Cannot connect to: tsa.telangana.gov.in:80
[21-03-12 10:16:30] - http://tsa.telangana.gov.in/ - .htpasswd.bak - Cannot connect to: tsa.telangana.gov.in:80
[21-03-12 10:16:30] - http://tsa.telangana.gov.in/ - .htpasswd.inc - Cannot connect to: tsa.telangana.gov.in:80
[21-03-12 10:16:30] - http://tsa.telangana.gov.in/ - .htpasswd/ - Cannot connect to: tsa.telangana.gov.in:80
[21-03-12 10:16:31] - http://tsa.telangana.gov.in/ - .htpasswd_test - Cannot connect to: tsa.telangana.gov.in:80
[21-03-12 10:16:31] - http://tsa.telangana.gov.in/ - .htpasswds - Cannot connect to: tsa.telangana.gov.in:80
[21-03-12 10:16:31] - http://tsa.telangana.gov.in/ - .httr-oauth - Cannot connect to: tsa.telangana.gov.in:80
[21-03-12 10:16:31] - http://tsa.telangana.gov.in/ - .htusers - Cannot connect to: tsa.telangana.gov.in:80
[21-03-12 10:16:31] - http://tsa.telangana.gov.in/ - .hushlogin - Cannot connect to: tsa.telangana.gov.in:80
[21-03-12 10:16:34] - http://tsa.telangana.gov.in/ - .hypothesis/ - Cannot connect to: tsa.telangana.gov.in:80
[21-03-12 10:16:35] - http://tsa.telangana.gov.in/ - .ico - Cannot connect to: tsa.telangana.gov.in:80
[21-03-12 10:16:38] - http://tsa.telangana.gov.in/ - .id - Cannot connect to: tsa.telangana.gov.in:80
[21-03-12 10:16:38] - http://tsa.telangana.gov.in/ - .idea - Cannot connect to: tsa.telangana.gov.in:80
[21-03-12 10:16:38] - http://tsa.telangana.gov.in/ - .idea.name - Cannot connect to: tsa.telangana.gov.in:80
[21-03-12 10:16:38] - http://tsa.telangana.gov.in/ - .idea/ - Cannot connect to: tsa.telangana.gov.in:80
[21-03-12 10:16:39] - http://tsa.telangana.gov.in/ - .idea/.name - Cannot connect to: tsa.telangana.gov.in:80
[21-03-12 10:16:39] - http://tsa.telangana.gov.in/ - .idea/Sites.iml - Cannot connect to: tsa.telangana.gov.in:80
[21-03-12 10:16:39] - http://tsa.telangana.gov.in/ - .idea/assetwizardsettings.xml - Cannot connect to: tsa.telangana.gov.in:80
[21-03-12 10:16:39] - http://tsa.telangana.gov.in/ - .idea/caches - Cannot connect to: tsa.telangana.gov.in:80
[21-03-12 10:16:39] - http://tsa.telangana.gov.in/ - .idea/caches/build_file_checksums.ser - Cannot connect to: tsa.telangana.gov.in:80
[21-03-12 10:16:39] - http://tsa.telangana.gov.in/ - .idea/compiler.xml - Cannot connect to: tsa.telangana.gov.in:80
[21-03-12 10:16:39] - http://tsa.telangana.gov.in/ - .idea/copyright/profiles_settings.xml - Cannot connect to: tsa.telangana.gov.in:80
[21-03-12 10:16:40] - http://tsa.telangana.gov.in/ - .idea/dataSources.ids - Cannot connect to: tsa.telangana.gov.in:80
[21-03-12 10:16:40] - http://tsa.telangana.gov.in/ - .idea/dataSources.local.xml - Cannot connect to: tsa.telangana.gov.in:80
[21-03-12 10:16:40] - http://tsa.telangana.gov.in/ - .idea/dataSources.xml - Cannot connect to: tsa.telangana.gov.in:80
[21-03-12 10:16:40] - http://tsa.telangana.gov.in/ - .idea/deployment.xml - Cannot connect to: tsa.telangana.gov.in:80
[21-03-12 10:16:40] - http://tsa.telangana.gov.in/ - .idea/dictionaries - Cannot connect to: tsa.telangana.gov.in:80
[21-03-12 10:16:40] - http://tsa.telangana.gov.in/ - .idea/drush_stats.iml - Cannot connect to: tsa.telangana.gov.in:80
[21-03-12 10:16:40] - http://tsa.telangana.gov.in/ - .idea/encodings.xml - Cannot connect to: tsa.telangana.gov.in:80
[21-03-12 10:16:40] - http://tsa.telangana.gov.in/ - .idea/gradle.xml - Cannot connect to: tsa.telangana.gov.in:80
[21-03-12 10:16:40] - http://tsa.telangana.gov.in/ - .idea/httprequests - Cannot connect to: tsa.telangana.gov.in:80
[21-03-12 10:16:40] - http://tsa.telangana.gov.in/ - .idea/inspectionProfiles/Project_Default.xml - Cannot connect to: tsa.telangana.gov.in:80
[21-03-12 10:16:40] - http://tsa.telangana.gov.in/ - .idea/libraries - Cannot connect to: tsa.telangana.gov.in:80
[21-03-12 10:16:40] - http://tsa.telangana.gov.in/ - .idea/libraries/ - Cannot connect to: tsa.telangana.gov.in:80
[21-03-12 10:16:41] - http://tsa.telangana.gov.in/ - .idea/modules - Cannot connect to: tsa.telangana.gov.in:80
[21-03-12 10:16:41] - http://tsa.telangana.gov.in/ - .idea/misc.xml - Cannot connect to: tsa.telangana.gov.in:80
[21-03-12 10:16:41] - http://tsa.telangana.gov.in/ - .idea/replstate.xml - Cannot connect to: tsa.telangana.gov.in:80
[21-03-12 10:16:41] - http://tsa.telangana.gov.in/ - .idea/naveditor.xml - Cannot connect to: tsa.telangana.gov.in:80
[21-03-12 10:16:41] - http://tsa.telangana.gov.in/ - .idea/modules.xml - Cannot connect to: tsa.telangana.gov.in:80
[21-03-12 10:16:44] - http://tsa.telangana.gov.in/ - .idea/runConfigurations.xml - Cannot connect to: tsa.telangana.gov.in:80
[21-03-12 10:16:45] - http://tsa.telangana.gov.in/ - .idea/scopes/scope_settings.xml - Cannot connect to: tsa.telangana.gov.in:80
[21-03-12 10:16:48] - http://tsa.telangana.gov.in/ - .idea/sqlDataSources.xml - Cannot connect to: tsa.telangana.gov.in:80
[21-03-12 10:16:48] - http://tsa.telangana.gov.in/ - .idea/tasks.xml - Cannot connect to: tsa.telangana.gov.in:80
[21-03-12 10:16:48] - http://tsa.telangana.gov.in/ - .idea/uiDesigner.xml - Cannot connect to: tsa.telangana.gov.in:80
[21-03-12 10:16:48] - http://tsa.telangana.gov.in/ - .idea/vcs.xml - Cannot connect to: tsa.telangana.gov.in:80
[21-03-12 10:16:49] - http://tsa.telangana.gov.in/ - .idea/webServers.xml - Cannot connect to: tsa.telangana.gov.in:80
[21-03-12 10:16:49] - http://tsa.telangana.gov.in/ - .idea/woaWordpress.iml - Cannot connect to: tsa.telangana.gov.in:80
[21-03-12 10:16:49] - http://tsa.telangana.gov.in/ - .idea/workspace(2).xml - Cannot connect to: tsa.telangana.gov.in:80
[21-03-12 10:16:49] - http://tsa.telangana.gov.in/ - .idea/workspace(3).xml - Cannot connect to: tsa.telangana.gov.in:80
[21-03-12 10:16:49] - http://tsa.telangana.gov.in/ - .idea/workspace(4).xml - Cannot connect to: tsa.telangana.gov.in:80
[21-03-12 10:16:49] - http://tsa.telangana.gov.in/ - .idea/workspace(5).xml - Cannot connect to: tsa.telangana.gov.in:80
[21-03-12 10:16:49] - http://tsa.telangana.gov.in/ - .idea/workspace(6).xml - Cannot connect to: tsa.telangana.gov.in:80
[21-03-12 10:16:50] - http://tsa.telangana.gov.in/ - .idea/workspace.xml - Cannot connect to: tsa.telangana.gov.in:80
[21-03-12 10:16:50] - http://tsa.telangana.gov.in/ - .idea/workspace(7).xml - Cannot connect to: tsa.telangana.gov.in:80
[21-03-12 10:16:50] - http://tsa.telangana.gov.in/ - .idea0/ - Cannot connect to: tsa.telangana.gov.in:80