
[21-05-06 00:24:37] - https://elementor.com/ - https://example.com/%2f.. - Cannot connect to: elementor.com:443
[21-05-06 00:24:37] - https://elementor.com/ - /%5cwww.whitelisteddomain.tld@localdomain.pw - Cannot connect to: elementor.com:443
[21-05-06 00:24:38] - https://elementor.com/ - http://localdomain.pw%3F.www.whitelisteddomain.tld/ - Cannot connect to: elementor.com:443
[21-05-06 00:24:38] - https://elementor.com/ - https://example.com@google.com/%2e%2e%2f - Cannot connect to: elementor.com:443
[21-05-06 00:24:39] - https://elementor.com/ - https:/%5cgoogle.com/ - Cannot connect to: elementor.com:443
[21-05-06 00:24:39] - https://elementor.com/ - %2f%2fgoogle.com - Cannot connect to: elementor.com:443
[21-05-06 00:24:39] - https://elementor.com/ - http:/google.com - Cannot connect to: elementor.com:443
[21-05-06 00:24:42] - https://elementor.com/ - https://www.whitelisteddomain.tld@?????????????????P?/%2e%2e%2f - Cannot connect to: elementor.com:443
[21-05-06 00:24:47] - https://elementor.com/ - .eggs/ - Cannot connect to: elementor.com:443
[21-05-06 00:24:50] - https://elementor.com/ - .git/config - Cannot connect to: elementor.com:443
[21-05-06 00:24:54] - https://elementor.com/ - .htusers - Cannot connect to: elementor.com:443
[21-05-06 00:24:54] - https://elementor.com/ - .idea/caches - Cannot connect to: elementor.com:443
[21-05-06 00:24:56] - https://elementor.com/ - .idea_modules/ - Cannot connect to: elementor.com:443
[21-05-06 00:24:56] - https://elementor.com/ - .ignore - Cannot connect to: elementor.com:443
[21-05-06 00:24:56] - https://elementor.com/ - .influx_history - Cannot connect to: elementor.com:443
[21-05-06 00:24:56] - https://elementor.com/ - .ini - Cannot connect to: elementor.com:443
[21-05-06 00:24:56] - https://elementor.com/ - .inst/ - Cannot connect to: elementor.com:443
[21-05-06 00:24:57] - https://elementor.com/ - .LOCAL - Cannot connect to: elementor.com:443
[21-05-06 00:24:58] - https://elementor.com/ - .login - Cannot connect to: elementor.com:443
[21-05-06 00:24:58] - https://elementor.com/ - .LSOverride - Cannot connect to: elementor.com:443
[21-05-06 00:24:58] - https://elementor.com/ - .maintenance2 - Cannot connect to: elementor.com:443
[21-05-06 00:25:03] - https://elementor.com/ - .pki - Cannot connect to: elementor.com:443
[21-05-06 00:25:05] - https://elementor.com/ - .revision - Cannot connect to: elementor.com:443
[21-05-06 00:25:09] - https://elementor.com/ - adm/admloginuser.php - Cannot connect to: elementor.com:443
[21-05-06 00:25:09] - https://elementor.com/ - adm/index.html - Cannot connect to: elementor.com:443
[21-05-06 00:25:09] - https://elementor.com/ - adm/index.php - Cannot connect to: elementor.com:443
[21-05-06 00:25:09] - https://elementor.com/ - adm_auth - Cannot connect to: elementor.com:443
[21-05-06 00:25:09] - https://elementor.com/ - admin-console - Cannot connect to: elementor.com:443
[21-05-06 00:25:09] - https://elementor.com/ - admin-database.php - Cannot connect to: elementor.com:443
[21-05-06 00:25:09] - https://elementor.com/ - admin-database/ - Cannot connect to: elementor.com:443
[21-05-06 00:25:10] - https://elementor.com/ - admin/default/login.asp - Cannot connect to: elementor.com:443
[21-05-06 00:25:11] - https://elementor.com/ - admin/fckeditor/editor/filemanager/upload/asp/upload.asp - Cannot connect to: elementor.com:443
[21-05-06 00:25:11] - https://elementor.com/ - admin/fckeditor/editor/filemanager/upload/aspx/upload.aspx - Cannot connect to: elementor.com:443
[21-05-06 00:25:11] - https://elementor.com/ - admin/fckeditor/editor/filemanager/upload/php/upload.php - Cannot connect to: elementor.com:443
[21-05-06 00:25:14] - https://elementor.com/ - administration - Cannot connect to: elementor.com:443
[21-05-06 00:25:15] - https://elementor.com/ - adminpanel.html - Cannot connect to: elementor.com:443
[21-05-06 00:25:18] - https://elementor.com/ - apps/__pycache__/ - Cannot connect to: elementor.com:443
[21-05-06 00:25:21] - https://elementor.com/ - bb-admin/admin.php - Cannot connect to: elementor.com:443
[21-05-06 00:25:23] - https://elementor.com/ - bitrix/otp/ - Cannot connect to: elementor.com:443