
[21-04-07 10:30:58] - camera.ctradelocal.net/ - .git - Cannot connect to: camera.ctradelocal.net:80
[21-04-07 10:30:58] - camera.ctradelocal.net/ - .git-credentials - Cannot connect to: camera.ctradelocal.net:80
[21-04-07 10:30:58] - camera.ctradelocal.net/ - .git-rewrite/ - Cannot connect to: camera.ctradelocal.net:80
[21-04-07 10:30:58] - camera.ctradelocal.net/ - .git.json - Cannot connect to: camera.ctradelocal.net:80
[21-04-07 10:30:58] - camera.ctradelocal.net/ - .git/ - Cannot connect to: camera.ctradelocal.net:80
[21-04-07 10:30:58] - camera.ctradelocal.net/ - .git/FETCH_HEAD - Cannot connect to: camera.ctradelocal.net:80
[21-04-07 10:30:58] - camera.ctradelocal.net/ - .git/config - Cannot connect to: camera.ctradelocal.net:80
[21-04-07 10:30:58] - camera.ctradelocal.net/ - .git/branches/ - Cannot connect to: camera.ctradelocal.net:80
[21-04-07 10:30:58] - camera.ctradelocal.net/ - .git/COMMIT_EDITMSG - Cannot connect to: camera.ctradelocal.net:80
[21-04-07 10:30:58] - camera.ctradelocal.net/ - .git/HEAD - Cannot connect to: camera.ctradelocal.net:80
[21-04-07 10:30:58] - camera.ctradelocal.net/ - .git/description - Cannot connect to: camera.ctradelocal.net:80
[21-04-07 10:30:58] - camera.ctradelocal.net/ - .git/hooks/commit-msg - Cannot connect to: camera.ctradelocal.net:80
[21-04-07 10:30:58] - camera.ctradelocal.net/ - .git/head - Cannot connect to: camera.ctradelocal.net:80
[21-04-07 10:30:58] - camera.ctradelocal.net/ - .git/hooks/ - Cannot connect to: camera.ctradelocal.net:80
[21-04-07 10:30:58] - camera.ctradelocal.net/ - .git/hooks/pre-commit - Cannot connect to: camera.ctradelocal.net:80
[21-04-07 10:30:58] - camera.ctradelocal.net/ - .git/hooks/pre-applypatch - Cannot connect to: camera.ctradelocal.net:80
[21-04-07 10:30:58] - camera.ctradelocal.net/ - .git/hooks/post-update - Cannot connect to: camera.ctradelocal.net:80
[21-04-07 10:30:58] - camera.ctradelocal.net/ - .git/hooks/applypatch-msg - Cannot connect to: camera.ctradelocal.net:80
[21-04-07 10:30:58] - camera.ctradelocal.net/ - .git/hooks/pre-receive - Cannot connect to: camera.ctradelocal.net:80
[21-04-07 10:30:59] - camera.ctradelocal.net/ - .git/hooks/update - Cannot connect to: camera.ctradelocal.net:80
[21-04-07 10:30:59] - camera.ctradelocal.net/ - .git/index - Cannot connect to: camera.ctradelocal.net:80
[21-04-07 10:30:59] - camera.ctradelocal.net/ - .git/info/ - Cannot connect to: camera.ctradelocal.net:80
[21-04-07 10:30:59] - camera.ctradelocal.net/ - .git/info/attributes - Cannot connect to: camera.ctradelocal.net:80
[21-04-07 10:30:59] - camera.ctradelocal.net/ - .git/logs/ - Cannot connect to: camera.ctradelocal.net:80
[21-04-07 10:30:59] - camera.ctradelocal.net/ - .git/info/refs - Cannot connect to: camera.ctradelocal.net:80
[21-04-07 10:30:59] - camera.ctradelocal.net/ - .git/info/exclude - Cannot connect to: camera.ctradelocal.net:80
[21-04-07 10:30:59] - camera.ctradelocal.net/ - .git/logs/head - Cannot connect to: camera.ctradelocal.net:80
[21-04-07 10:30:59] - camera.ctradelocal.net/ - .git/hooks/pre-rebase - Cannot connect to: camera.ctradelocal.net:80
[21-04-07 10:30:59] - camera.ctradelocal.net/ - .git/hooks/pre-push - Cannot connect to: camera.ctradelocal.net:80
[21-04-07 10:30:59] - camera.ctradelocal.net/ - .git/hooks/prepare-commit-msg - Cannot connect to: camera.ctradelocal.net:80
[21-04-07 10:31:00] - camera.ctradelocal.net/ - .git/logs/refs/remotes/origin/HEAD - Cannot connect to: camera.ctradelocal.net:80
[21-04-07 10:31:00] - camera.ctradelocal.net/ - .git/objects/ - Cannot connect to: camera.ctradelocal.net:80
[21-04-07 10:31:00] - camera.ctradelocal.net/ - .git/refs/heads - Cannot connect to: camera.ctradelocal.net:80
[21-04-07 10:31:00] - camera.ctradelocal.net/ - .git/refs/remotes/origin/HEAD - Cannot connect to: camera.ctradelocal.net:80
[21-04-07 10:31:00] - camera.ctradelocal.net/ - .git/refs/remotes - Cannot connect to: camera.ctradelocal.net:80
[21-04-07 10:31:00] - camera.ctradelocal.net/ - .git/packed-refs - Cannot connect to: camera.ctradelocal.net:80
[21-04-07 10:31:00] - camera.ctradelocal.net/ - .git/logs/refs/remotes/origin - Cannot connect to: camera.ctradelocal.net:80
[21-04-07 10:31:00] - camera.ctradelocal.net/ - .git/logs/refs - Cannot connect to: camera.ctradelocal.net:80
[21-04-07 10:31:00] - camera.ctradelocal.net/ - .git/refs/heads/master - Cannot connect to: camera.ctradelocal.net:80
[21-04-07 10:31:00] - camera.ctradelocal.net/ - .git/refs/ - Cannot connect to: camera.ctradelocal.net:80
[21-04-07 10:31:00] - camera.ctradelocal.net/ - .git/logs/refs/heads - Cannot connect to: camera.ctradelocal.net:80
[21-04-07 10:31:00] - camera.ctradelocal.net/ - .git/logs/refs/remotes - Cannot connect to: camera.ctradelocal.net:80
[21-04-07 10:31:00] - camera.ctradelocal.net/ - .git/logs/refs/heads/master - Cannot connect to: camera.ctradelocal.net:80
[21-04-07 10:31:00] - camera.ctradelocal.net/ - .git/logs/HEAD - Cannot connect to: camera.ctradelocal.net:80
[21-04-07 10:31:00] - camera.ctradelocal.net/ - .git/refs/tags - Cannot connect to: camera.ctradelocal.net:80
[21-04-07 10:31:00] - camera.ctradelocal.net/ - .git/objects/info/packs - Cannot connect to: camera.ctradelocal.net:80
[21-04-07 10:31:00] - camera.ctradelocal.net/ - .git/logs/refs/remotes/origin/master - Cannot connect to: camera.ctradelocal.net:80
[21-04-07 10:31:00] - camera.ctradelocal.net/ - .github/workflows/blank.yml - Cannot connect to: camera.ctradelocal.net:80
[21-04-07 10:31:00] - camera.ctradelocal.net/ - .gitattributes - Cannot connect to: camera.ctradelocal.net:80
[21-04-07 10:31:00] - camera.ctradelocal.net/ - .git2/ - Cannot connect to: camera.ctradelocal.net:80
[21-04-07 10:31:00] - camera.ctradelocal.net/ - .gitchangelog.rc - Cannot connect to: camera.ctradelocal.net:80
[21-04-07 10:31:00] - camera.ctradelocal.net/ - .github/ - Cannot connect to: camera.ctradelocal.net:80
[21-04-07 10:31:00] - camera.ctradelocal.net/ - .github/ISSUE_TEMPLATE.md - Cannot connect to: camera.ctradelocal.net:80
[21-04-07 10:31:00] - camera.ctradelocal.net/ - .gitconfig - Cannot connect to: camera.ctradelocal.net:80
[21-04-07 10:31:00] - camera.ctradelocal.net/ - .git/refs/remotes/origin/master - Cannot connect to: camera.ctradelocal.net:80
[21-04-07 10:31:00] - camera.ctradelocal.net/ - .git_release - Cannot connect to: camera.ctradelocal.net:80
[21-04-07 10:31:00] - camera.ctradelocal.net/ - .github/workflows/ci.yml - Cannot connect to: camera.ctradelocal.net:80
[21-04-07 10:31:00] - camera.ctradelocal.net/ - .github/PULL_REQUEST_TEMPLATE.md - Cannot connect to: camera.ctradelocal.net:80
[21-04-07 10:31:01] - camera.ctradelocal.net/ - .gitignore/ - Cannot connect to: camera.ctradelocal.net:80
[21-04-07 10:31:01] - camera.ctradelocal.net/ - .github/workflows/docker.yml - Cannot connect to: camera.ctradelocal.net:80
[21-04-07 10:31:01] - camera.ctradelocal.net/ - .github/workflows/maven.yml - Cannot connect to: camera.ctradelocal.net:80
[21-04-07 10:31:01] - camera.ctradelocal.net/ - .github/workflows/publish.yml - Cannot connect to: camera.ctradelocal.net:80
[21-04-07 10:31:01] - camera.ctradelocal.net/ - .gitk - Cannot connect to: camera.ctradelocal.net:80
[21-04-07 10:31:01] - camera.ctradelocal.net/ - .gitignore.swp - Cannot connect to: camera.ctradelocal.net:80
[21-04-07 10:31:01] - camera.ctradelocal.net/ - .gitlab-ci/.env - Cannot connect to: camera.ctradelocal.net:80
[21-04-07 10:31:01] - camera.ctradelocal.net/ - .github/workflows/master.yml - Cannot connect to: camera.ctradelocal.net:80
[21-04-07 10:31:01] - camera.ctradelocal.net/ - .github/workflows/nodejs.yml - Cannot connect to: camera.ctradelocal.net:80
[21-04-07 10:31:01] - camera.ctradelocal.net/ - .github/workflows/dependabot.yml - Cannot connect to: camera.ctradelocal.net:80
[21-04-07 10:31:01] - camera.ctradelocal.net/ - .gitlab - Cannot connect to: camera.ctradelocal.net:80
[21-04-07 10:31:01] - camera.ctradelocal.net/ - .gitignore_global - Cannot connect to: camera.ctradelocal.net:80
[21-04-07 10:31:01] - camera.ctradelocal.net/ - .gitignore.orig - Cannot connect to: camera.ctradelocal.net:80
[21-04-07 10:31:01] - camera.ctradelocal.net/ - .gitkeep - Cannot connect to: camera.ctradelocal.net:80
[21-04-07 10:31:01] - camera.ctradelocal.net/ - .gitlab-ci.yml - Cannot connect to: camera.ctradelocal.net:80
[21-04-07 10:31:01] - camera.ctradelocal.net/ - .gitignore - Cannot connect to: camera.ctradelocal.net:80
[21-04-07 10:31:01] - camera.ctradelocal.net/ - .gitignore~ - Cannot connect to: camera.ctradelocal.net:80
[21-04-07 10:31:01] - camera.ctradelocal.net/ - .gitlab-ci.off.yml - Cannot connect to: camera.ctradelocal.net:80
[21-04-07 10:31:01] - camera.ctradelocal.net/ - .gitreview - Cannot connect to: camera.ctradelocal.net:80
[21-04-07 10:31:01] - camera.ctradelocal.net/ - .gitlab/route-map.yml - Cannot connect to: camera.ctradelocal.net:80
[21-04-07 10:31:01] - camera.ctradelocal.net/ - .gitmodules - Cannot connect to: camera.ctradelocal.net:80
[21-04-07 10:31:01] - camera.ctradelocal.net/ - .gitlab/issue_templates - Cannot connect to: camera.ctradelocal.net:80
[21-04-07 10:31:01] - camera.ctradelocal.net/ - .gitlab/merge_request_templates - Cannot connect to: camera.ctradelocal.net:80
[21-04-07 10:31:02] - camera.ctradelocal.net/ - .htaccess - Cannot connect to: camera.ctradelocal.net:80
[21-04-07 10:31:02] - camera.ctradelocal.net/ - .htgroup - Cannot connect to: camera.ctradelocal.net:80
[21-04-07 10:31:02] - camera.ctradelocal.net/ - .htpasswd - Cannot connect to: camera.ctradelocal.net:80
[21-04-07 10:31:02] - camera.ctradelocal.net/ - .git/refs/remotes/origin - Cannot connect to: camera.ctradelocal.net:80
[21-04-07 10:31:08] - camera.ctradelocal.net/ - .svn/entries - Cannot connect to: camera.ctradelocal.net:80
[21-04-07 10:31:11] - camera.ctradelocal.net/ - .www_acl - Cannot connect to: camera.ctradelocal.net:80
[21-04-07 10:31:11] - camera.ctradelocal.net/ - .wwwacl - Cannot connect to: camera.ctradelocal.net:80
[21-04-07 10:31:16] - camera.ctradelocal.net/ - CFIDE/Administrator/startstop.html - Cannot connect to: camera.ctradelocal.net:80
[21-04-07 10:31:16] - camera.ctradelocal.net/ - CVS/Entries - Cannot connect to: camera.ctradelocal.net:80
[21-04-07 10:31:18] - camera.ctradelocal.net/ - MyAdmin/scripts/setup.php - Cannot connect to: camera.ctradelocal.net:80
[21-04-07 10:31:21] - camera.ctradelocal.net/ - Trace.axd - Cannot connect to: camera.ctradelocal.net:80
[21-04-07 10:31:22] - camera.ctradelocal.net/ - WS_FTP.log - Cannot connect to: camera.ctradelocal.net:80
[21-04-07 10:31:22] - camera.ctradelocal.net/ - WS_FTP.LOG - Cannot connect to: camera.ctradelocal.net:80
[21-04-07 10:31:23] - camera.ctradelocal.net/ - \..\..\..\..\..\..\..\..\..\etc\passwd - Cannot connect to: camera.ctradelocal.net:80
[21-04-07 10:31:25] - camera.ctradelocal.net/ - _vti_pvt/administrator.pwd - Cannot connect to: camera.ctradelocal.net:80
[21-04-07 10:31:25] - camera.ctradelocal.net/ - _vti_pvt/ - Cannot connect to: camera.ctradelocal.net:80
[21-04-07 10:31:25] - camera.ctradelocal.net/ - _vti_pvt/administrators.pwd - Cannot connect to: camera.ctradelocal.net:80
[21-04-07 10:31:25] - camera.ctradelocal.net/ - _vti_pvt/service.pwt - Cannot connect to: camera.ctradelocal.net:80
[21-04-07 10:31:25] - camera.ctradelocal.net/ - _vti_pvt/service.pwd - Cannot connect to: camera.ctradelocal.net:80
[21-04-07 10:31:25] - camera.ctradelocal.net/ - _vti_pvt/authors.pwd - Cannot connect to: camera.ctradelocal.net:80
[21-04-07 10:31:25] - camera.ctradelocal.net/ - _vti_pvt/users.pwd - Cannot connect to: camera.ctradelocal.net:80
[21-04-07 10:31:25] - camera.ctradelocal.net/ - _vti_pvt/shtml.exe - Cannot connect to: camera.ctradelocal.net:80
[21-04-07 10:31:25] - camera.ctradelocal.net/ - _vti_pvt/users.pwt - Cannot connect to: camera.ctradelocal.net:80
[21-04-07 10:31:32] - camera.ctradelocal.net/ - admin4.nsf - Cannot connect to: camera.ctradelocal.net:80
[21-04-07 10:31:57] - camera.ctradelocal.net/ - cfide/administrator/index.cfm - Cannot connect to: camera.ctradelocal.net:80
[21-04-07 10:31:57] - camera.ctradelocal.net/ - cgi/common.cgi - Cannot connect to: camera.ctradelocal.net:80
[21-04-07 10:32:10] - camera.ctradelocal.net/ - etc/passwd - Cannot connect to: camera.ctradelocal.net:80
[21-04-07 10:32:15] - camera.ctradelocal.net/ - heip65_admin.nsf - Cannot connect to: camera.ctradelocal.net:80
[21-04-07 10:32:16] - camera.ctradelocal.net/ - httpd.conf - Cannot connect to: camera.ctradelocal.net:80
[21-04-07 10:32:16] - camera.ctradelocal.net/ - iisadmin/ - Cannot connect to: camera.ctradelocal.net:80
[21-04-07 10:32:16] - camera.ctradelocal.net/ - iisadmin - Cannot connect to: camera.ctradelocal.net:80
[21-04-07 10:32:29] - camera.ctradelocal.net/ - myadmin/scripts/setup.php - Cannot connect to: camera.ctradelocal.net:80
[21-04-07 10:32:29] - camera.ctradelocal.net/ - mysql/scripts/setup.php - Cannot connect to: camera.ctradelocal.net:80
[21-04-07 10:32:29] - camera.ctradelocal.net/ - mysqladmin/scripts/setup.php - Cannot connect to: camera.ctradelocal.net:80
[21-04-07 10:32:32] - camera.ctradelocal.net/ - p_/webdav/xmltools/minidom/xml/sax/saxutils/os/popen2?cmd=dir - Cannot connect to: camera.ctradelocal.net:80
[21-04-07 10:32:37] - camera.ctradelocal.net/ - phpMyAdmin/scripts/setup.php - Cannot connect to: camera.ctradelocal.net:80
[21-04-07 10:32:38] - camera.ctradelocal.net/ - phpmyadmin/scripts/setup.php - Cannot connect to: camera.ctradelocal.net:80
[21-04-07 10:32:39] - camera.ctradelocal.net/ - pma/scripts/setup.php - Cannot connect to: camera.ctradelocal.net:80
[21-04-07 10:32:43] - camera.ctradelocal.net/ - remote/fgt_lang?lang=/../../../..//////////dev/cmdb/sslvpn_websession - Cannot connect to: camera.ctradelocal.net:80
[21-04-07 10:32:43] - camera.ctradelocal.net/ - remote/fgt_lang?lang=/../../../../////////////////////////bin/sslvpnd - Cannot connect to: camera.ctradelocal.net:80
[21-04-07 10:32:45] - camera.ctradelocal.net/ - scripts/iisadmin/ism.dll?http/dir - Cannot connect to: camera.ctradelocal.net:80
[21-04-07 10:32:45] - camera.ctradelocal.net/ - scripts/setup.php - Cannot connect to: camera.ctradelocal.net:80
[21-04-07 10:32:45] - camera.ctradelocal.net/ - server-status - Cannot connect to: camera.ctradelocal.net:80
[21-04-07 10:32:45] - camera.ctradelocal.net/ - server-info - Cannot connect to: camera.ctradelocal.net:80
[21-04-07 10:32:53] - camera.ctradelocal.net/ - stronghold-info - Cannot connect to: camera.ctradelocal.net:80
[21-04-07 10:32:53] - camera.ctradelocal.net/ - stronghold-status - Cannot connect to: camera.ctradelocal.net:80
[21-04-07 10:32:57] - camera.ctradelocal.net/ - text-base/etc/passwd - Cannot connect to: camera.ctradelocal.net:80
[21-04-07 10:32:59] - camera.ctradelocal.net/ - typo3/phpmyadmin/scripts/setup.php - Cannot connect to: camera.ctradelocal.net:80
[21-04-07 10:33:03] - camera.ctradelocal.net/ - web/scripts/setup.php - Cannot connect to: camera.ctradelocal.net:80
[21-04-07 10:33:04] - camera.ctradelocal.net/ - web/phpMyAdmin/scripts/setup.php - Cannot connect to: camera.ctradelocal.net:80
[21-04-07 10:33:06] - camera.ctradelocal.net/ - ws_ftp.ini - Cannot connect to: camera.ctradelocal.net:80
[21-04-07 10:33:07] - camera.ctradelocal.net/ - xampp/phpmyadmin/scripts/setup.php - Cannot connect to: camera.ctradelocal.net:80
[21-04-07 10:33:08] - camera.ctradelocal.net/ - ~bin - Cannot connect to: camera.ctradelocal.net:80
[21-04-07 10:33:08] - camera.ctradelocal.net/ - ~nobody - Cannot connect to: camera.ctradelocal.net:80
[21-04-07 10:33:08] - camera.ctradelocal.net/ - ~root - Cannot connect to: camera.ctradelocal.net:80